Jun 26 10:26 : errno: Failed to open /home/blackcat/.mpd/mpdstate: No such file or directory
Jun 26 10:26 : update: added /09 - We Never Change.mp3
Jun 26 10:26 : update: added /07 - Viva La Vida.mp3
Jun 26 10:26 : update: added /05 - Clocks.mp3
Jun 26 10:26 : update: added /10 - A Rush Of Blood To The Head.mp3
Jun 26 10:26 : update: added /11 - Lovers In Japan (Acoustic).mp3
Jun 26 10:26 : update: added /04 - The Scientist.mp3
Jun 26 10:26 : update: added /04 - 42.mp3
Jun 26 10:26 : update: added /08 - High Speed.mp3
Jun 26 10:26 : update: added /07 - Green Eyes.mp3
Jun 26 10:26 : update: added /06 - Daylight.mp3
Jun 26 10:26 : update: added /02 - Shiver.mp3
Jun 26 10:26 : update: added /06 - Yes.mp3
Jun 26 10:26 : update: added /11 - Amsterdam.mp3
Jun 26 10:26 : update: added /02 - Cemeteries Of London.mp3
Jun 26 10:26 : update: added /03 - Lost!.mp3
Jun 26 10:26 : update: added /05 - Lovers In Japan-Reign Of Love.mp3
Jun 26 10:26 : update: added /02 - In My Place.mp3
Jun 26 10:26 : update: added /07 - Parachutes.mp3
Jun 26 10:26 : update: added /10 - Everything's Not Lost ( Hidden Song Life Is for Living ).mp3
Jun 26 10:26 : update: added /08 - Warning Sign.mp3
Jun 26 10:26 : update: added /01 - Don't Panic.mp3
Jun 26 10:26 : update: added /05 - Yellow.mp3
Jun 26 10:26 : update: added /09 - A Whisper.mp3
Jun 26 10:26 : update: added /01 - Life In Technicolor.mp3
Jun 26 10:26 : update: added /10 - Death And All His Friends.mp3
Jun 26 10:26 : update: added /01 - Politik.mp3
Jun 26 10:26 : update: added /09 - Strawberry Swing.mp3
Jun 26 10:26 : update: added /03 - Spies.mp3
Jun 26 10:26 : update: added /04 - Sparks.mp3
Jun 26 10:26 : update: added /03 - God Put A Smile Upon Your Face.mp3
Jun 26 10:26 : update: added /06 - Trouble.mp3
Jun 26 10:26 : update: added /08 - Violet Hill.mp3
Jun 27 16:08 : exception: OutputThread could not get realtime scheduling, continuing anyway: sched_setscheduler failed: Operation not permitted
Jun 27 16:35 : exception: OutputThread could not get realtime scheduling, continuing anyway: sched_setscheduler failed: Operation not permitted
Jun 27 19:59 : exception: OutputThread could not get realtime scheduling, continuing anyway: sched_setscheduler failed: Operation not permitted
Jun 27 23:53 : exception: OutputThread could not get realtime scheduling, continuing anyway: sched_setscheduler failed: Operation not permitted
Jun 28 10:13 : exception: OutputThread could not get realtime scheduling, continuing anyway: sched_setscheduler failed: Operation not permitted
Jun 28 16:49 : exception: OutputThread could not get realtime scheduling, continuing anyway: sched_setscheduler failed: Operation not permitted
Jun 28 17:33 : exception: OutputThread could not get realtime scheduling, continuing anyway: sched_setscheduler failed: Operation not permitted
Jun 28 19:41 : exception: OutputThread could not get realtime scheduling, continuing anyway: sched_setscheduler failed: Operation not permitted
Jun 29 06:40 : exception: OutputThread could not get realtime scheduling, continuing anyway: sched_setscheduler failed: Operation not permitted
Jun 29 06:52 : exception: OutputThread could not get realtime scheduling, continuing anyway: sched_setscheduler failed: Operation not permitted
Jun 29 07:30 : exception: OutputThread could not get realtime scheduling, continuing anyway: sched_setscheduler failed: Operation not permitted
Jun 29 07:49 : exception: OutputThread could not get realtime scheduling, continuing anyway: sched_setscheduler failed: Operation not permitted
Jun 29 14:22 : exception: OutputThread could not get realtime scheduling, continuing anyway: sched_setscheduler failed: Operation not permitted
Jun 29 17:28 : exception: OutputThread could not get realtime scheduling, continuing anyway: sched_setscheduler failed: Operation not permitted
Jun 29 19:40 : avahi: Client Disconnected, will reconnect shortly
Jun 29 19:40 : avahi: Could not reconnect: An unexpected D-Bus error occurred
Jun 29 19:41 : exception: OutputThread could not get realtime scheduling, continuing anyway: sched_setscheduler failed: Operation not permitted
Jun 29 21:12 : exception: OutputThread could not get realtime scheduling, continuing anyway: sched_setscheduler failed: Operation not permitted
Jun 29 21:33 : avahi: Client Disconnected, will reconnect shortly
Jun 29 21:33 : avahi: Could not reconnect: An unexpected D-Bus error occurred
Jun 30 05:26 : exception: OutputThread could not get realtime scheduling, continuing anyway: sched_setscheduler failed: Operation not permitted
Jun 30 17:24 : exception: OutputThread could not get realtime scheduling, continuing anyway: sched_setscheduler failed: Operation not permitted
Jul 01 05:08 : exception: OutputThread could not get realtime scheduling, continuing anyway: sched_setscheduler failed: Operation not permitted
Jul 01 06:41 : exception: OutputThread could not get realtime scheduling, continuing anyway: sched_setscheduler failed: Operation not permitted
Jul 01 06:42 : exception: OutputThread could not get realtime scheduling, continuing anyway: sched_setscheduler failed: Operation not permitted
Jul 01 07:32 : exception: OutputThread could not get realtime scheduling, continuing anyway: sched_setscheduler failed: Operation not permitted
Jul 01 07:36 : avahi: Client Disconnected, will reconnect shortly
Jul 01 07:36 : avahi: Could not reconnect: An unexpected D-Bus error occurred
Jul 01 16:59 : exception: OutputThread could not get realtime scheduling, continuing anyway: sched_setscheduler failed: Operation not permitted
Jan 23 23:29 : client: [0] opened from [::1]:48988
Jan 23 23:30 : update: removing 01 - Politik.mp3
Jan 23 23:30 : update: removing 04 - The Scientist.mp3
Jan 23 23:30 : update: removing 03 - God Put A Smile Upon Your Face.mp3
Jan 23 23:30 : update: removing 02 - In My Place.mp3
Jan 23 23:30 : update: removing 06 - Daylight.mp3
Jan 23 23:30 : update: removing 05 - Clocks.mp3
Jan 23 23:30 : update: removing 07 - Green Eyes.mp3
Jan 23 23:30 : update: removing 08 - Warning Sign.mp3
Jan 23 23:30 : update: removing 03 - Spies.mp3
Jan 23 23:30 : update: removing 02 - Shiver.mp3
Jan 23 23:30 : update: removing 01 - Don't Panic.mp3
Jan 23 23:30 : update: removing 11 - Amsterdam.mp3
Jan 23 23:30 : update: removing 10 - A Rush Of Blood To The Head.mp3
Jan 23 23:30 : update: removing 09 - A Whisper.mp3
Jan 23 23:30 : update: removing 07 - Parachutes.mp3
Jan 23 23:30 : update: removing 06 - Trouble.mp3
Jan 23 23:30 : update: removing 05 - Yellow.mp3
Jan 23 23:30 : update: removing 04 - Sparks.mp3
Jan 23 23:30 : update: removing 10 - Everything's Not Lost ( Hidden Song Life Is for Living ).mp3
Jan 23 23:30 : update: removing 09 - We Never Change.mp3
Jan 23 23:30 : update: removing 08 - High Speed.mp3
Jan 23 23:30 : update: removing 01 - Life In Technicolor.mp3
Jan 23 23:30 : update: removing 02 - Cemeteries Of London.mp3
Jan 23 23:30 : update: removing 04 - 42.mp3
Jan 23 23:30 : update: removing 03 - Lost!.mp3
Jan 23 23:30 : update: removing 06 - Yes.mp3
Jan 23 23:30 : update: removing 05 - Lovers In Japan-Reign Of Love.mp3
Jan 23 23:30 : update: removing 08 - Violet Hill.mp3
Jan 23 23:30 : update: removing 07 - Viva La Vida.mp3
Jan 23 23:30 : update: removing 10 - Death And All His Friends.mp3
Jan 23 23:30 : update: removing 09 - Strawberry Swing.mp3
Jan 23 23:30 : update: removing 11 - Lovers In Japan (Acoustic).mp3
Jan 23 23:30 : update: added alafasy/078-an-naba.mp3
Jan 23 23:30 : update: added alafasy/046-al-ahqaf.mp3
Jan 23 23:30 : update: added alafasy/032-as-sajdah.mp3
Jan 23 23:30 : update: added alafasy/035-fatir.mp3
Jan 23 23:30 : update: added alafasy/113-al-falaq.mp3
Jan 23 23:30 : update: added alafasy/038-sad.mp3
Jan 23 23:30 : update: added alafasy/098-al-baiyyinah.mp3
Jan 23 23:30 : update: added alafasy/019-maryam.mp3
Jan 23 23:30 : update: added alafasy/049-al-hujurat.mp3
Jan 23 23:30 : update: added alafasy/029-al-ankabut.mp3
Jan 23 23:30 : update: added alafasy/102-at-takathur.mp3
Jan 23 23:30 : update: added alafasy/021-al-anbiya.mp3
Jan 23 23:30 : update: added alafasy/066-at-tahrim.mp3
Jan 23 23:30 : update: added alafasy/095-at-tin.mp3
Jan 23 23:30 : update: added alafasy/028-al-qasas.mp3
Jan 23 23:30 : update: added alafasy/018-al-kahf.mp3
Jan 23 23:30 : update: added alafasy/069-al-haqqah.mp3
Jan 23 23:30 : update: added alafasy/002-al-baqarah.mp3
Jan 23 23:30 : update: added alafasy/073-al-muzammil.mp3
Jan 23 23:30 : update: added alafasy/061-as-saff.mp3
Jan 23 23:30 : update: added alafasy/030-ar-rum.mp3
Jan 23 23:30 : update: added alafasy/058-al-mujadilah.mp3
Jan 23 23:30 : update: added alafasy/093-ad-duha.mp3
Jan 23 23:30 : update: added alafasy/059-al-hashr.mp3
Jan 23 23:30 : update: added alafasy/075-al-qiyamah.mp3
Jan 23 23:30 : update: added alafasy/037-as-saffat.mp3
Jan 23 23:30 : update: added alafasy/036-ya-sin.mp3
Jan 23 23:30 : update: added alafasy/003-al-imran.mp3
Jan 23 23:30 : update: added alafasy/103-al-asr.mp3
Jan 23 23:30 : update: added alafasy/062-al-jumuah.mp3
Jan 23 23:30 : update: added alafasy/020-ta-ha.mp3
Jan 23 23:30 : update: added alafasy/106-quraish.mp3
Jan 23 23:30 : update: added alafasy/079-an-naziat.mp3
Jan 23 23:30 : update: added alafasy/040-ghafir.mp3
Jan 23 23:30 : update: added alafasy/039-az-zumar.mp3
Jan 23 23:30 : update: added alafasy/074-al-muddaththir.mp3
Jan 23 23:30 : update: added alafasy/112-al-ikhlas.mp3
Jan 23 23:30 : update: added alafasy/001-al-fatihah.mp3
Jan 23 23:30 : update: added alafasy/010-yunus.mp3
Jan 23 23:30 : update: added alafasy/114-an-nas.mp3
Jan 23 23:30 : update: added alafasy/009-at-taubah.mp3
Jan 23 23:30 : update: added alafasy/034-saba.mp3
Jan 23 23:30 : update: added alafasy/071-nuh.mp3
Jan 23 23:30 : update: added alafasy/042-ash-shura.mp3
Jan 23 23:30 : update: added alafasy/080-abasa.mp3
Jan 23 23:30 : update: added alafasy/026-ash-shuara.mp3
Jan 23 23:30 : update: added alafasy/024-an-nur.mp3
Jan 23 23:30 : update: added alafasy/084-al-inshiqaq.mp3
Jan 23 23:30 : update: added alafasy/060-al-mumtahanah.mp3
Jan 23 23:30 : update: added alafasy/082-al-infitar.mp3
Jan 23 23:30 : update: added alafasy/068-al-qalam.mp3
Jan 23 23:30 : update: added alafasy/031-luqman.mp3
Jan 23 23:30 : update: added alafasy/107-al-maun.mp3
Jan 23 23:30 : update: added alafasy/055-ar-rahman.mp3
Jan 23 23:30 : update: added alafasy/023-al-muminun.mp3
Jan 23 23:30 : update: added alafasy/063-al-munafiqun.mp3
Jan 23 23:30 : update: added alafasy/111-al-masad.mp3
Jan 23 23:30 : update: added alafasy/083-al-mutaffifin.mp3
Jan 23 23:30 : update: added alafasy/048-al-fath.mp3
Jan 23 23:30 : update: added alafasy/110-an-nasr.mp3
Jan 23 23:30 : update: added alafasy/022-al-hajj.mp3
Jan 23 23:30 : update: added alafasy/065-at-talaq.mp3
Jan 23 23:30 : update: added alafasy/050-qaf.mp3
Jan 23 23:30 : update: added alafasy/054-al-qamar.mp3
Jan 23 23:30 : update: added alafasy/015-al-hijr.mp3
Jan 23 23:30 : update: added alafasy/051-adh-dhariyat.mp3
Jan 23 23:30 : update: added alafasy/109-al-kafirun.mp3
Jan 23 23:30 : update: added alafasy/072-al-jinn.mp3
Jan 23 23:30 : update: added alafasy/091-ash-shams.mp3
Jan 23 23:30 : update: added alafasy/053-an-najm.mp3
Jan 23 23:30 : update: added alafasy/052-at-tur.mp3
Jan 23 23:30 : update: added alafasy/070-al-maarij.mp3
Jan 23 23:30 : update: added alafasy/027-an-naml.mp3
Jan 23 23:30 : update: added alafasy/086-at-tariq.mp3
Jan 23 23:30 : update: added alafasy/012-yusuf.mp3
Jan 23 23:30 : update: added alafasy/004-an-nisa.mp3
Jan 23 23:30 : update: added alafasy/007-al-araf.mp3
Jan 23 23:30 : update: added alafasy/077-al-mursalat.mp3
Jan 23 23:30 : update: added alafasy/033-al-ahzab.mp3
Jan 23 23:30 : update: added alafasy/008-al-anfal.mp3
Jan 23 23:30 : update: added alafasy/064-at-taghabun.mp3
Jan 23 23:30 : update: added alafasy/076-al-insan.mp3
Jan 23 23:30 : update: added alafasy/087-al-ala.mp3
Jan 23 23:30 : update: added alafasy/025-al-furqan.mp3
Jan 23 23:30 : update: added alafasy/067-al-mulk.mp3
Jan 23 23:30 : update: added alafasy/092-al-lail.mp3
Jan 23 23:30 : update: added alafasy/094-ash-sharh.mp3
Jan 23 23:30 : update: added alafasy/096-al-alaq.mp3
Jan 23 23:30 : update: added alafasy/099-az-zalzalah.mp3
Jan 23 23:30 : update: added alafasy/006-al-anam.mp3
Jan 23 23:30 : update: added alafasy/011-hud.mp3
Jan 23 23:30 : update: added alafasy/056-al-waqiah.mp3
Jan 23 23:30 : update: added alafasy/017-al-isra.mp3
Jan 23 23:30 : update: added alafasy/044-ad-dukhan.mp3
Jan 23 23:30 : update: added alafasy/105-al-fil.mp3
Jan 23 23:30 : update: added alafasy/090-al-balad.mp3
Jan 23 23:30 : update: added alafasy/057-al-hadid.mp3
Jan 23 23:30 : update: added alafasy/043-az-zukhruf.mp3
Jan 23 23:30 : update: added alafasy/047-muhammad.mp3
Jan 23 23:30 : update: added alafasy/088-al-ghashiyah.mp3
Jan 23 23:30 : update: added alafasy/104-al-humazah.mp3
Jan 23 23:30 : update: added alafasy/101-al-qariah.mp3
Jan 23 23:30 : update: added alafasy/013-ar-rad.mp3
Jan 23 23:30 : update: added alafasy/089-al-fajr.mp3
Jan 23 23:30 : update: added alafasy/081-at-takwir.mp3
Jan 23 23:30 : update: added alafasy/085-al-buruj.mp3
Jan 23 23:30 : update: added alafasy/097-al-qadr.mp3
Jan 23 23:30 : update: added alafasy/041-fussilat.mp3
Jan 23 23:30 : update: added alafasy/045-al-jathiyah.mp3
Jan 23 23:30 : update: added alafasy/108-al-kauthar.mp3
Jan 23 23:30 : update: added alafasy/100-al-adiyat.mp3
Jan 23 23:30 : update: added alafasy/005-al-maidah.mp3
Jan 23 23:30 : update: added alafasy/016-an-nahl.mp3
Jan 23 23:30 : update: added alafasy/014-ibrahim.mp3
Jan 23 23:30 : update: added Music/Jonas Blue - Perfect Strangers ft. JP Cooper.mp3
Jan 23 23:30 : update: added Music/Lost_Kings_-_Quit_You_Lyric_ft_Tinashe[SaveFrom.online].mp3
Jan 23 23:30 : update: added Music/03 The Chainsmokers Until You Were Gone (feat. Emily Warren).mp3
Jan 23 23:30 : update: added Music/03 The Chainsmokers Closer (feat. Halsey).mp3
Jan 23 23:30 : update: added Music/02 The Chainsmokers New York City.mp3
Jan 23 23:30 : update: added Music/Zayn Malik - Dusk Till Dawn .mp3
Jan 23 23:30 : update: added Music/01 The Chainsmokers Roses (feat. ROZES).mp3
Jan 23 23:30 : update: added Music/Simple Plan ft. Natasha Bedingfield - Jet Lag.mp3
Jan 23 23:30 : update: added Music/Axwell Λ Ingrosso - More Than You Know.mp3
Jan 23 23:30 : update: added Music/Alan Walker ft. Gavin James - Tired.mp3
Jan 23 23:30 : update: added Music/01 Mama (feat. William Singe).mp3
Jan 23 23:30 : update: added Music/10 Sabrina Treat You Better.mp3
Jan 23 23:30 : update: added Music/06 LINKIN PARK Kiiara Heavy.mp3
Jan 23 23:30 : update: added Music/04 The Chainsmokers Waterbed (feat. Waterbed).mp3
Jan 23 23:30 : update: added Music/Felix Jaehn, Hight, Alex Aiono - Hot2Touch (Lyric Video).mp3
Jan 23 23:30 : update: added Music/04 The Chainsmokers Inside Out (feat. Charlee).mp3
Jan 23 23:30 : update: added Music/Jessica Mauboy - Fallin'.mp3
Jan 23 23:30 : update: added Music/Avicii - Without You Audio ft. Sandro Cavazza.mp3
Jan 23 23:30 : update: added Music/Cheat Codes - Stay With You (LyricsLyric Video) With CADE.mp3
Jan 23 23:30 : update: added Music/02 The Chainsmokers All We Know (feat. Phoebe Ryan).mp3
Jan 23 23:30 : update: added Music/The-Chainsmokers-Sick-Boy.mp3
Jan 23 23:30 : update: added Music/05 The Chainsmokers Good Intentions (feat. BullySongs).mp3
Jan 23 23:30 : update: added Music/The-Way-I-Are-Dance-With-Somebody-Bebe-Rexha-ft.-Lil-Wayne.mp3
Jan 23 23:30 : update: added Music/Anjulie featuring Oskar Flood - Where The Love Goes (Official Music Video).mp3
Jan 23 23:30 : update: added Music/Shawn Mendes - There's Nothing Holdin' Me Back.mp3
Jan 23 23:30 : update: added Music/Martin Garrix & Bebe Rexha - In The Name Of Love (Official Video).mp3
Jan 23 23:30 : update: added Music/05 The Chainsmokers Dont Let Me Down (feat. Daya).mp3
Jan 23 23:30 : update: added Music/Martin Garrix & Dua Lipa - Scared To Be Lonely (Official Video).mp3
Jan 23 23:30 : update: added Music/Jason Derulo - Swalla (feat. Nicki Minaj & Ty Dolla $ign) (Official Music Video).mp3
Jan 23 23:30 : update: added Music/Weird Genius  - Sweet Scar (feat. Prince Husein).mp3
Jan 23 23:30 : update: added Music/01 The Chainsmokers Setting Fires (feat. XYL).mp3
Jan 23 23:30 : update: added Music/Maroon 5 - What Lovers Do ft. SZA.mp3
Jan 23 23:30 : update: added Music/03 Daniel Powter Bad Day.mp3
Jan 23 23:30 : update: added Music/Party Favor & NJOMZA - Caskets (feat. FKi 1st) Official Lyric Video.mp3
Jan 23 23:30 : update: added Music/Clean Bandit - Rockabye ft. Sean Paul & Anne-Marie Official Video.mp3
Jan 23 23:30 : update: added Indie/The Rain - Gagal Bersembunyi (Official Video).mp3
Jan 23 23:30 : update: added Indie/08 Sampai Jadi Debu (Menampilkan Gardika Gigih).mp3
Jan 23 23:30 : update: added Indie/Virgoun - Bukti.mp3
Jan 23 23:30 : update: added Indie/Payung Teduh - Untuk Perempuan yang Sedang Dalam Pelukan Cover by Alffy Rev ft Brisia Jodie.mp3
Jan 23 23:30 : update: added Indie/BRISIA JODIE I Bimbang - Potret Cover Music Video.mp3
Jan 23 23:30 : update: added Dangdut/Via Vallen - Sayang - LaguTren.mp3
Jan 23 23:30 : update: added Dangdut/Via Vallen - Selingkuh.mp3
Jan 23 23:30 : exception: Failed to open /home/blackcat/.mpd/playlists: Not a directory
Jan 23 23:30 : client: [0] closed
Jan 23 23:30 : client: [1] opened from [::1]:48994
Jan 23 23:30 : client: [1] closed
Jan 23 23:31 : client: [2] opened from [::1]:48996
Jan 23 23:31 : exception: Failed to open /home/blackcat/.mpd/playlists: Not a directory
Jan 23 23:31 : client: [2] closed
Jan 23 23:31 : client: [0] opened from [::1]:48998
Jan 23 23:31 : client: [0] closed
Jan 23 23:31 : client: [1] opened from [::1]:49004
Jan 23 23:31 : client: [1] closed
Jan 23 23:31 : client: [0] opened from [::1]:49006
Jan 23 23:32 : update: removing alafasy/054-al-qamar.mp3
Jan 23 23:32 : update: removing alafasy/053-an-najm.mp3
Jan 23 23:32 : update: removing alafasy/052-at-tur.mp3
Jan 23 23:32 : update: removing alafasy/051-adh-dhariyat.mp3
Jan 23 23:32 : update: removing alafasy/050-qaf.mp3
Jan 23 23:32 : update: removing alafasy/049-al-hujurat.mp3
Jan 23 23:32 : update: removing alafasy/048-al-fath.mp3
Jan 23 23:32 : update: removing alafasy/047-muhammad.mp3
Jan 23 23:32 : update: removing alafasy/046-al-ahqaf.mp3
Jan 23 23:32 : update: removing alafasy/045-al-jathiyah.mp3
Jan 23 23:32 : update: removing alafasy/044-ad-dukhan.mp3
Jan 23 23:32 : update: removing alafasy/043-az-zukhruf.mp3
Jan 23 23:32 : update: removing alafasy/042-ash-shura.mp3
Jan 23 23:32 : update: removing alafasy/041-fussilat.mp3
Jan 23 23:32 : update: removing alafasy/040-ghafir.mp3
Jan 23 23:32 : update: removing alafasy/039-az-zumar.mp3
Jan 23 23:32 : update: removing alafasy/038-sad.mp3
Jan 23 23:32 : update: removing alafasy/037-as-saffat.mp3
Jan 23 23:32 : update: removing alafasy/036-ya-sin.mp3
Jan 23 23:32 : update: removing alafasy/035-fatir.mp3
Jan 23 23:32 : update: removing alafasy/034-saba.mp3
Jan 23 23:32 : update: removing alafasy/033-al-ahzab.mp3
Jan 23 23:32 : update: removing alafasy/032-as-sajdah.mp3
Jan 23 23:32 : update: removing alafasy/031-luqman.mp3
Jan 23 23:32 : update: removing alafasy/030-ar-rum.mp3
Jan 23 23:32 : update: removing alafasy/029-al-ankabut.mp3
Jan 23 23:32 : update: removing alafasy/028-al-qasas.mp3
Jan 23 23:32 : update: removing alafasy/027-an-naml.mp3
Jan 23 23:32 : update: removing alafasy/026-ash-shuara.mp3
Jan 23 23:32 : update: removing alafasy/025-al-furqan.mp3
Jan 23 23:32 : update: removing alafasy/024-an-nur.mp3
Jan 23 23:32 : update: removing alafasy/023-al-muminun.mp3
Jan 23 23:32 : update: removing alafasy/022-al-hajj.mp3
Jan 23 23:32 : update: removing alafasy/021-al-anbiya.mp3
Jan 23 23:32 : update: removing alafasy/020-ta-ha.mp3
Jan 23 23:32 : update: removing alafasy/019-maryam.mp3
Jan 23 23:32 : update: removing alafasy/018-al-kahf.mp3
Jan 23 23:32 : update: removing alafasy/017-al-isra.mp3
Jan 23 23:32 : update: removing alafasy/016-an-nahl.mp3
Jan 23 23:32 : update: removing alafasy/015-al-hijr.mp3
Jan 23 23:32 : update: removing alafasy/014-ibrahim.mp3
Jan 23 23:32 : update: removing alafasy/013-ar-rad.mp3
Jan 23 23:32 : update: removing alafasy/012-yusuf.mp3
Jan 23 23:32 : update: removing alafasy/011-hud.mp3
Jan 23 23:32 : update: removing alafasy/010-yunus.mp3
Jan 23 23:32 : update: removing alafasy/009-at-taubah.mp3
Jan 23 23:32 : update: removing alafasy/008-al-anfal.mp3
Jan 23 23:32 : update: removing alafasy/007-al-araf.mp3
Jan 23 23:32 : update: removing alafasy/006-al-anam.mp3
Jan 23 23:32 : update: removing alafasy/005-al-maidah.mp3
Jan 23 23:32 : update: removing alafasy/004-an-nisa.mp3
Jan 23 23:32 : update: removing alafasy/003-al-imran.mp3
Jan 23 23:32 : update: removing alafasy/002-al-baqarah.mp3
Jan 23 23:32 : update: removing alafasy/001-al-fatihah.mp3
Jan 23 23:32 : update: added /Jonas Blue - Perfect Strangers ft. JP Cooper.mp3
Jan 23 23:32 : update: removing Music/Weird Genius  - Sweet Scar (feat. Prince Husein).mp3
Jan 23 23:32 : update: removing Music/The-Way-I-Are-Dance-With-Somebody-Bebe-Rexha-ft.-Lil-Wayne.mp3
Jan 23 23:32 : update: removing Music/06 LINKIN PARK Kiiara Heavy.mp3
Jan 23 23:32 : update: removing Music/The-Chainsmokers-Sick-Boy.mp3
Jan 23 23:32 : update: removing Music/01 Mama (feat. William Singe).mp3
Jan 23 23:32 : update: removing Music/10 Sabrina Treat You Better.mp3
Jan 23 23:32 : update: removing Music/Simple Plan ft. Natasha Bedingfield - Jet Lag.mp3
Jan 23 23:32 : update: removing Music/03 Daniel Powter Bad Day.mp3
Jan 23 23:32 : update: removing Music/05 The Chainsmokers Dont Let Me Down (feat. Daya).mp3
Jan 23 23:32 : update: removing Music/04 The Chainsmokers Inside Out (feat. Charlee).mp3
Jan 23 23:32 : update: removing Music/03 The Chainsmokers Closer (feat. Halsey).mp3
Jan 23 23:32 : update: removing Music/02 The Chainsmokers All We Know (feat. Phoebe Ryan).mp3
Jan 23 23:32 : update: removing Music/01 The Chainsmokers Setting Fires (feat. XYL).mp3
Jan 23 23:32 : update: removing Music/05 The Chainsmokers Good Intentions (feat. BullySongs).mp3
Jan 23 23:32 : update: removing Music/04 The Chainsmokers Waterbed (feat. Waterbed).mp3
Jan 23 23:32 : update: added /Lost_Kings_-_Quit_You_Lyric_ft_Tinashe[SaveFrom.online].mp3
Jan 23 23:32 : update: removing Music/03 The Chainsmokers Until You Were Gone (feat. Emily Warren).mp3
Jan 23 23:32 : update: removing Music/02 The Chainsmokers New York City.mp3
Jan 23 23:32 : update: removing Music/01 The Chainsmokers Roses (feat. ROZES).mp3
Jan 23 23:32 : update: removing Music/Zayn Malik - Dusk Till Dawn .mp3
Jan 23 23:32 : update: removing Music/Shawn Mendes - There's Nothing Holdin' Me Back.mp3
Jan 23 23:32 : update: removing Music/Party Favor & NJOMZA - Caskets (feat. FKi 1st) Official Lyric Video.mp3
Jan 23 23:32 : update: removing Music/Martin Garrix & Dua Lipa - Scared To Be Lonely (Official Video).mp3
Jan 23 23:32 : update: removing Music/Martin Garrix & Bebe Rexha - In The Name Of Love (Official Video).mp3
Jan 23 23:32 : update: removing Music/Maroon 5 - What Lovers Do ft. SZA.mp3
Jan 23 23:32 : update: removing Music/Lost_Kings_-_Quit_You_Lyric_ft_Tinashe[SaveFrom.online].mp3
Jan 23 23:32 : update: removing Music/Jonas Blue - Perfect Strangers ft. JP Cooper.mp3
Jan 23 23:32 : update: removing Music/Jessica Mauboy - Fallin'.mp3
Jan 23 23:32 : update: removing Music/Jason Derulo - Swalla (feat. Nicki Minaj & Ty Dolla $ign) (Official Music Video).mp3
Jan 23 23:32 : update: removing Music/Felix Jaehn, Hight, Alex Aiono - Hot2Touch (Lyric Video).mp3
Jan 23 23:32 : update: removing Music/Clean Bandit - Rockabye ft. Sean Paul & Anne-Marie Official Video.mp3
Jan 23 23:32 : update: removing Music/Cheat Codes - Stay With You (LyricsLyric Video) With CADE.mp3
Jan 23 23:32 : update: removing Music/Axwell Λ Ingrosso - More Than You Know.mp3
Jan 23 23:32 : update: removing Music/Avicii - Without You Audio ft. Sandro Cavazza.mp3
Jan 23 23:32 : update: removing Music/Anjulie featuring Oskar Flood - Where The Love Goes (Official Music Video).mp3
Jan 23 23:32 : update: removing Music/Alan Walker ft. Gavin James - Tired.mp3
Jan 23 23:32 : update: removing Indie/08 Sampai Jadi Debu (Menampilkan Gardika Gigih).mp3
Jan 23 23:32 : update: removing Indie/Virgoun - Bukti.mp3
Jan 23 23:32 : update: removing Indie/The Rain - Gagal Bersembunyi (Official Video).mp3
Jan 23 23:32 : update: removing Indie/Payung Teduh - Untuk Perempuan yang Sedang Dalam Pelukan Cover by Alffy Rev ft Brisia Jodie.mp3
Jan 23 23:32 : update: removing Indie/BRISIA JODIE I Bimbang - Potret Cover Music Video.mp3
Jan 23 23:32 : update: removing Dangdut/Via Vallen - Sayang - LaguTren.mp3
Jan 23 23:32 : update: removing Dangdut/Via Vallen - Selingkuh.mp3
Jan 23 23:32 : update: removing alafasy/114-an-nas.mp3
Jan 23 23:32 : update: removing alafasy/113-al-falaq.mp3
Jan 23 23:32 : update: removing alafasy/112-al-ikhlas.mp3
Jan 23 23:32 : update: removing alafasy/111-al-masad.mp3
Jan 23 23:32 : update: removing alafasy/110-an-nasr.mp3
Jan 23 23:32 : update: removing alafasy/109-al-kafirun.mp3
Jan 23 23:32 : update: removing alafasy/108-al-kauthar.mp3
Jan 23 23:32 : update: removing alafasy/107-al-maun.mp3
Jan 23 23:32 : update: removing alafasy/106-quraish.mp3
Jan 23 23:32 : update: removing alafasy/105-al-fil.mp3
Jan 23 23:32 : update: removing alafasy/104-al-humazah.mp3
Jan 23 23:32 : update: removing alafasy/103-al-asr.mp3
Jan 23 23:32 : update: removing alafasy/102-at-takathur.mp3
Jan 23 23:32 : update: removing alafasy/101-al-qariah.mp3
Jan 23 23:32 : update: removing alafasy/100-al-adiyat.mp3
Jan 23 23:32 : update: removing alafasy/099-az-zalzalah.mp3
Jan 23 23:32 : update: removing alafasy/098-al-baiyyinah.mp3
Jan 23 23:32 : update: removing alafasy/097-al-qadr.mp3
Jan 23 23:32 : update: removing alafasy/096-al-alaq.mp3
Jan 23 23:32 : update: removing alafasy/095-at-tin.mp3
Jan 23 23:32 : update: removing alafasy/094-ash-sharh.mp3
Jan 23 23:32 : update: removing alafasy/093-ad-duha.mp3
Jan 23 23:32 : update: removing alafasy/092-al-lail.mp3
Jan 23 23:32 : update: removing alafasy/091-ash-shams.mp3
Jan 23 23:32 : update: removing alafasy/090-al-balad.mp3
Jan 23 23:32 : update: removing alafasy/089-al-fajr.mp3
Jan 23 23:32 : update: removing alafasy/088-al-ghashiyah.mp3
Jan 23 23:32 : update: removing alafasy/087-al-ala.mp3
Jan 23 23:32 : update: removing alafasy/086-at-tariq.mp3
Jan 23 23:32 : update: removing alafasy/085-al-buruj.mp3
Jan 23 23:32 : update: removing alafasy/084-al-inshiqaq.mp3
Jan 23 23:32 : update: removing alafasy/083-al-mutaffifin.mp3
Jan 23 23:32 : update: removing alafasy/082-al-infitar.mp3
Jan 23 23:32 : update: removing alafasy/081-at-takwir.mp3
Jan 23 23:32 : update: removing alafasy/080-abasa.mp3
Jan 23 23:32 : update: removing alafasy/079-an-naziat.mp3
Jan 23 23:32 : update: removing alafasy/078-an-naba.mp3
Jan 23 23:32 : update: removing alafasy/077-al-mursalat.mp3
Jan 23 23:32 : update: removing alafasy/076-al-insan.mp3
Jan 23 23:32 : update: removing alafasy/075-al-qiyamah.mp3
Jan 23 23:32 : update: removing alafasy/074-al-muddaththir.mp3
Jan 23 23:32 : update: removing alafasy/073-al-muzammil.mp3
Jan 23 23:32 : update: removing alafasy/072-al-jinn.mp3
Jan 23 23:32 : update: removing alafasy/071-nuh.mp3
Jan 23 23:32 : update: removing alafasy/070-al-maarij.mp3
Jan 23 23:32 : update: removing alafasy/069-al-haqqah.mp3
Jan 23 23:32 : update: removing alafasy/068-al-qalam.mp3
Jan 23 23:32 : update: removing alafasy/067-al-mulk.mp3
Jan 23 23:32 : update: removing alafasy/066-at-tahrim.mp3
Jan 23 23:32 : update: removing alafasy/065-at-talaq.mp3
Jan 23 23:32 : update: removing alafasy/064-at-taghabun.mp3
Jan 23 23:32 : update: removing alafasy/063-al-munafiqun.mp3
Jan 23 23:32 : update: removing alafasy/062-al-jumuah.mp3
Jan 23 23:32 : update: removing alafasy/061-as-saff.mp3
Jan 23 23:32 : update: removing alafasy/060-al-mumtahanah.mp3
Jan 23 23:32 : update: removing alafasy/059-al-hashr.mp3
Jan 23 23:32 : update: removing alafasy/058-al-mujadilah.mp3
Jan 23 23:32 : update: removing alafasy/057-al-hadid.mp3
Jan 23 23:32 : update: removing alafasy/056-al-waqiah.mp3
Jan 23 23:32 : update: removing alafasy/055-ar-rahman.mp3
Jan 23 23:32 : update: added /03 The Chainsmokers Until You Were Gone (feat. Emily Warren).mp3
Jan 23 23:32 : update: added /03 The Chainsmokers Closer (feat. Halsey).mp3
Jan 23 23:32 : update: added /02 The Chainsmokers New York City.mp3
Jan 23 23:32 : update: added /Zayn Malik - Dusk Till Dawn .mp3
Jan 23 23:32 : update: added /01 The Chainsmokers Roses (feat. ROZES).mp3
Jan 23 23:32 : update: added /Simple Plan ft. Natasha Bedingfield - Jet Lag.mp3
Jan 23 23:32 : update: added /Axwell Λ Ingrosso - More Than You Know.mp3
Jan 23 23:32 : update: added /Alan Walker ft. Gavin James - Tired.mp3
Jan 23 23:32 : update: added /01 Mama (feat. William Singe).mp3
Jan 23 23:32 : update: added /10 Sabrina Treat You Better.mp3
Jan 23 23:32 : update: added /06 LINKIN PARK Kiiara Heavy.mp3
Jan 23 23:32 : update: added /04 The Chainsmokers Waterbed (feat. Waterbed).mp3
Jan 23 23:32 : update: added /Felix Jaehn, Hight, Alex Aiono - Hot2Touch (Lyric Video).mp3
Jan 23 23:32 : update: added /04 The Chainsmokers Inside Out (feat. Charlee).mp3
Jan 23 23:32 : update: added /Jessica Mauboy - Fallin'.mp3
Jan 23 23:32 : update: added /Avicii - Without You Audio ft. Sandro Cavazza.mp3
Jan 23 23:32 : update: added /Cheat Codes - Stay With You (LyricsLyric Video) With CADE.mp3
Jan 23 23:32 : update: added /02 The Chainsmokers All We Know (feat. Phoebe Ryan).mp3
Jan 23 23:32 : update: added /The-Chainsmokers-Sick-Boy.mp3
Jan 23 23:32 : update: added /05 The Chainsmokers Good Intentions (feat. BullySongs).mp3
Jan 23 23:32 : update: added /The-Way-I-Are-Dance-With-Somebody-Bebe-Rexha-ft.-Lil-Wayne.mp3
Jan 23 23:32 : update: added /Anjulie featuring Oskar Flood - Where The Love Goes (Official Music Video).mp3
Jan 23 23:32 : update: added /Shawn Mendes - There's Nothing Holdin' Me Back.mp3
Jan 23 23:32 : update: added /Martin Garrix & Bebe Rexha - In The Name Of Love (Official Video).mp3
Jan 23 23:32 : update: added /05 The Chainsmokers Dont Let Me Down (feat. Daya).mp3
Jan 23 23:32 : update: added /Martin Garrix & Dua Lipa - Scared To Be Lonely (Official Video).mp3
Jan 23 23:32 : update: added /Jason Derulo - Swalla (feat. Nicki Minaj & Ty Dolla $ign) (Official Music Video).mp3
Jan 23 23:32 : update: added /Weird Genius  - Sweet Scar (feat. Prince Husein).mp3
Jan 23 23:32 : update: added /01 The Chainsmokers Setting Fires (feat. XYL).mp3
Jan 23 23:32 : update: added /Maroon 5 - What Lovers Do ft. SZA.mp3
Jan 23 23:32 : update: added /03 Daniel Powter Bad Day.mp3
Jan 23 23:32 : update: added /Party Favor & NJOMZA - Caskets (feat. FKi 1st) Official Lyric Video.mp3
Jan 23 23:32 : update: added /Clean Bandit - Rockabye ft. Sean Paul & Anne-Marie Official Video.mp3
Jan 23 23:32 : exception: Failed to open "My ALSA Device" [alsa]
Jan 23 23:32 : exception: nested: Failed to open ALSA device "default": Device or resource busy
Jan 23 23:32 : exception: Failed to open "My ALSA Device" [alsa]
Jan 23 23:32 : exception: nested: Failed to open ALSA device "default": Device or resource busy
Jan 23 23:32 : exception: Failed to open "My ALSA Device" [alsa]
Jan 23 23:32 : exception: nested: Failed to open ALSA device "default": Device or resource busy
Jan 23 23:32 : client: [0] closed
Jan 23 23:34 : client: [1] opened from [::1]:49026
Jan 23 23:34 : player: played "01 Mama (feat. William Singe).mp3"
Jan 23 23:34 : exception: Failed to open "My ALSA Device" [alsa]
Jan 23 23:34 : exception: nested: Failed to open ALSA device "default": Device or resource busy
Jan 23 23:35 : player: played "01 Mama (feat. William Singe).mp3"
Jan 23 23:35 : player: played "Zayn Malik - Dusk Till Dawn .mp3"
Jan 23 23:35 : exception: Failed to open "My ALSA Device" [alsa]
Jan 23 23:35 : exception: nested: Failed to open ALSA device "default": Device or resource busy
Jan 23 23:35 : exception: Failed to open "My ALSA Device" [alsa]
Jan 23 23:35 : exception: nested: Failed to open ALSA device "default": Device or resource busy
Jan 23 23:35 : exception: Failed to open "My ALSA Device" [alsa]
Jan 23 23:35 : exception: nested: Failed to open ALSA device "default": Device or resource busy
Jan 23 23:35 : exception: Failed to open "My ALSA Device" [alsa]
Jan 23 23:35 : exception: nested: Failed to open ALSA device "default": Device or resource busy
Jan 23 23:35 : exception: Failed to open "My ALSA Device" [alsa]
Jan 23 23:35 : exception: nested: Failed to open ALSA device "default": Device or resource busy
Jan 23 23:39 : player: played "The-Chainsmokers-Sick-Boy.mp3"
Jan 23 23:42 : player: played "The-Way-I-Are-Dance-With-Somebody-Bebe-Rexha-ft.-Lil-Wayne.mp3"
Jan 23 23:43 : client: [1] closed
Jan 23 23:46 : player: played "Weird Genius  - Sweet Scar (feat. Prince Husein).mp3"
Jan 24 07:41 : client: [0] opened from [::1]:60516
Jan 24 07:41 : exception: Failed to open "My ALSA Device" [alsa]
Jan 24 07:41 : exception: nested: Failed to open ALSA device "default": Device or resource busy
Jan 24 07:42 : exception: Failed to open "My ALSA Device" [alsa]
Jan 24 07:42 : exception: nested: Failed to open ALSA device "default": Device or resource busy
Jan 24 07:42 : exception: Failed to open "My ALSA Device" [alsa]
Jan 24 07:42 : exception: nested: Failed to open ALSA device "default": Device or resource busy
Jan 24 07:42 : client: [0] closed
Jan 24 07:47 : player: played "The-Chainsmokers-Sick-Boy.mp3"
Jan 24 07:50 : player: played "The-Way-I-Are-Dance-With-Somebody-Bebe-Rexha-ft.-Lil-Wayne.mp3"
Jan 24 07:53 : player: played "Weird Genius  - Sweet Scar (feat. Prince Husein).mp3"
Jan 24 09:46 : client: [0] opened from [::1]:43836
Jan 24 09:46 : client: [0] closed
Jan 24 09:50 : player: played "The-Chainsmokers-Sick-Boy.mp3"
Jan 24 09:53 : player: played "The-Way-I-Are-Dance-With-Somebody-Bebe-Rexha-ft.-Lil-Wayne.mp3"
Jan 24 09:56 : player: played "Weird Genius  - Sweet Scar (feat. Prince Husein).mp3"
Jan 24 09:57 : client: [1] opened from [::1]:44068
Jan 24 09:57 : client: [1] closed
Jan 24 10:00 : player: played "Party Favor & NJOMZA - Caskets (feat. FKi 1st) Official Lyric Video.mp3"
Jan 24 10:04 : player: played "Shawn Mendes - There's Nothing Holdin' Me Back.mp3"
Jan 24 10:07 : player: played "Simple Plan ft. Natasha Bedingfield - Jet Lag.mp3"
Jan 24 10:11 : player: played "The-Chainsmokers-Sick-Boy.mp3"
Jan 24 10:12 : client: [2] opened from 127.0.0.1:54040
Jan 24 10:12 : client: [2] closed
Jan 24 10:14 : player: played "The-Way-I-Are-Dance-With-Somebody-Bebe-Rexha-ft.-Lil-Wayne.mp3"
Jan 24 10:15 : client: [3] opened from 127.0.0.1:54134
Jan 24 10:15 : client: [3] closed
Jan 24 10:16 : client: [4] opened from [::1]:44704
Jan 24 10:16 : client: [4] closed
Jan 24 10:16 : client: [5] opened from [::1]:44706
Jan 24 10:17 : client: [6] opened from 127.0.0.1:54154
Jan 24 10:17 : client: [6] closed
Jan 24 10:21 : client: [5] closed
Jan 24 10:23 : player: played "01 The Chainsmokers Roses (feat. ROZES).mp3"
Jan 24 10:25 : client: [0] opened from [::1]:37536
Jan 24 10:26 : client: [0] closed
Jan 24 10:26 : client: [1] opened from 127.0.0.1:54988
Jan 24 10:26 : client: [1] closed
Jan 24 10:28 : player: played "Avicii - Without You Audio ft. Sandro Cavazza.mp3"
Jan 24 10:31 : player: played "Axwell Λ Ingrosso - More Than You Know.mp3"
Jan 24 12:30 : client: [0] opened from [::1]:35898
Jan 24 12:32 : client: [0] closed
Jan 24 12:34 : player: played "The-Chainsmokers-Sick-Boy.mp3"
Jan 24 12:34 : client: [1] opened from [::1]:35900
Jan 24 12:34 : client: [1] closed
Jan 24 12:35 : player: played "The-Way-I-Are-Dance-With-Somebody-Bebe-Rexha-ft.-Lil-Wayne.mp3"
Jan 24 14:53 : client: [0] opened from [::1]:57910
Jan 24 14:54 : client: [0] closed
Jan 24 14:57 : player: played "The-Chainsmokers-Sick-Boy.mp3"
Jan 24 15:00 : player: played "The-Way-I-Are-Dance-With-Somebody-Bebe-Rexha-ft.-Lil-Wayne.mp3"
Jan 24 15:03 : player: played "Weird Genius  - Sweet Scar (feat. Prince Husein).mp3"
Jan 24 15:09 : client: [1] opened from [::1]:59102
Jan 24 15:09 : client: [1] closed
Jan 24 15:13 : player: played "01 The Chainsmokers Roses (feat. ROZES).mp3"
Jan 24 15:17 : player: played "01 The Chainsmokers Setting Fires (feat. XYL).mp3"
Jan 24 15:20 : player: played "02 The Chainsmokers All We Know (feat. Phoebe Ryan).mp3"
Jan 24 15:24 : player: played "02 The Chainsmokers New York City.mp3"
Jan 24 15:28 : player: played "03 The Chainsmokers Closer (feat. Halsey).mp3"
Jan 24 15:32 : player: played "03 The Chainsmokers Until You Were Gone (feat. Emily Warren).mp3"
Jan 24 15:35 : client: [2] opened from [::1]:34680
Jan 24 15:35 : client: [2] closed
Jan 24 15:36 : player: played "04 The Chainsmokers Inside Out (feat. Charlee).mp3"
Jan 24 15:36 : client: [3] opened from [::1]:34682
Jan 24 15:36 : client: [3] closed
Jan 24 15:39 : client: [4] opened from [::1]:34690
Jan 24 15:39 : player: played "04 The Chainsmokers Waterbed (feat. Waterbed).mp3"
Jan 24 15:39 : client: [4] closed
Jan 24 15:43 : player: played "05 The Chainsmokers Dont Let Me Down (feat. Daya).mp3"
Jan 24 15:48 : client: [0] opened from [::1]:53256
Jan 24 15:49 : client: [0] closed
Jan 24 15:49 : client: [1] opened from [::1]:53258
Jan 24 15:50 : client: [1] closed
Jan 24 15:52 : player: played "Party Favor & NJOMZA - Caskets (feat. FKi 1st) Official Lyric Video.mp3"
Jan 24 15:56 : player: played "Shawn Mendes - There's Nothing Holdin' Me Back.mp3"
Jan 24 15:59 : player: played "Simple Plan ft. Natasha Bedingfield - Jet Lag.mp3"
Jan 24 16:03 : client: [2] opened from [::1]:53434
Jan 24 16:03 : client: [2] closed
Jan 24 16:07 : player: played "The-Chainsmokers-Sick-Boy.mp3"
Jan 24 16:10 : player: played "The-Way-I-Are-Dance-With-Somebody-Bebe-Rexha-ft.-Lil-Wayne.mp3"
Jan 24 16:13 : player: played "Weird Genius  - Sweet Scar (feat. Prince Husein).mp3"
Jan 25 14:19 : client: [0] opened from [::1]:37472
Jan 25 14:19 : exception: Failed to open "My ALSA Device" [alsa]
Jan 25 14:19 : exception: nested: Failed to open ALSA device "default": Device or resource busy
Jan 25 14:19 : client: [0] closed
Jan 25 14:20 : client: [1] opened from [::1]:37476
Jan 25 14:20 : exception: Failed to open "My ALSA Device" [alsa]
Jan 25 14:20 : exception: nested: Failed to open ALSA device "default": Device or resource busy
Jan 25 14:20 : exception: Failed to open "My ALSA Device" [alsa]
Jan 25 14:20 : exception: nested: Failed to open ALSA device "default": Device or resource busy
Jan 25 14:20 : exception: Failed to open "My ALSA Device" [alsa]
Jan 25 14:20 : exception: nested: Failed to open ALSA device "default": Device or resource busy
Jan 25 14:22 : player: played "01 The Chainsmokers Roses (feat. ROZES).mp3"
Jan 25 14:22 : config: option 'mixer_device' on line 15 was not recognized
Jan 25 14:22 : config: option 'mixer_control' on line 16 was not recognized
Jan 25 14:22 : client: [0] opened from 127.0.0.1:37096
Jan 25 14:22 : exception: Failed to open "My ALSA Device" [alsa]
Jan 25 14:22 : exception: nested: Failed to open ALSA device "default": Device or resource busy
Jan 25 14:22 : client: [1] opened from [::1]:37528
Jan 25 14:22 : client: [1] closed
Jan 25 14:24 : exception: Failed to open "My ALSA Device" [alsa]
Jan 25 14:24 : exception: nested: Failed to open ALSA device "default": Device or resource busy
Jan 25 14:24 : client: [0] closed
Jan 25 14:27 : player: played "01 The Chainsmokers Roses (feat. ROZES).mp3"
Jan 25 14:27 : client: [2] opened from [::1]:37538
Jan 25 14:28 : client: [2] closed
Jan 25 14:31 : player: played "01 The Chainsmokers Setting Fires (feat. XYL).mp3"
Jan 25 14:35 : player: played "02 The Chainsmokers All We Know (feat. Phoebe Ryan).mp3"
Jan 25 14:39 : player: played "02 The Chainsmokers New York City.mp3"
Jan 25 14:43 : player: played "03 The Chainsmokers Closer (feat. Halsey).mp3"
Jan 25 14:46 : player: played "03 The Chainsmokers Until You Were Gone (feat. Emily Warren).mp3"
Jan 25 14:50 : player: played "04 The Chainsmokers Inside Out (feat. Charlee).mp3"
Jan 25 14:54 : player: played "04 The Chainsmokers Waterbed (feat. Waterbed).mp3"
Jan 25 14:57 : player: played "05 The Chainsmokers Dont Let Me Down (feat. Daya).mp3"
Jan 25 15:01 : player: played "05 The Chainsmokers Good Intentions (feat. BullySongs).mp3"
Jan 25 15:03 : player: played "06 LINKIN PARK Kiiara Heavy.mp3"
Jan 25 15:08 : player: played "10 Sabrina Treat You Better.mp3"
Jan 25 15:11 : player: played "Alan Walker ft. Gavin James - Tired.mp3"
Jan 25 15:14 : player: played "Anjulie featuring Oskar Flood - Where The Love Goes (Official Music Video).mp3"
Jan 25 15:17 : player: played "Avicii - Without You Audio ft. Sandro Cavazza.mp3"
Jan 25 15:21 : player: played "Axwell Λ Ingrosso - More Than You Know.mp3"
Jan 25 15:24 : player: played "Cheat Codes - Stay With You (LyricsLyric Video) With CADE.mp3"
Jan 25 15:27 : player: played "Clean Bandit - Rockabye ft. Sean Paul & Anne-Marie Official Video.mp3"
Jan 25 21:12 : config: option 'mixer_device' on line 15 was not recognized
Jan 25 21:12 : config: option 'mixer_control' on line 16 was not recognized
Jan 25 21:14 : player: played "Clean Bandit - Rockabye ft. Sean Paul & Anne-Marie Official Video.mp3"
Jan 25 21:16 : player: played "Felix Jaehn, Hight, Alex Aiono - Hot2Touch (Lyric Video).mp3"
Jan 25 21:20 : player: played "Jason Derulo - Swalla (feat. Nicki Minaj & Ty Dolla $ign) (Official Music Video).mp3"
Jan 25 21:24 : player: played "Jessica Mauboy - Fallin'.mp3"
Jan 25 21:27 : player: played "Jonas Blue - Perfect Strangers ft. JP Cooper.mp3"
Jan 25 21:31 : player: played "Lost_Kings_-_Quit_You_Lyric_ft_Tinashe[SaveFrom.online].mp3"
Jan 25 21:34 : player: played "Maroon 5 - What Lovers Do ft. SZA.mp3"
Jan 25 21:37 : player: played "Martin Garrix & Bebe Rexha - In The Name Of Love (Official Video).mp3"
Jan 25 21:41 : player: played "Martin Garrix & Dua Lipa - Scared To Be Lonely (Official Video).mp3"
Jan 25 21:44 : player: played "Party Favor & NJOMZA - Caskets (feat. FKi 1st) Official Lyric Video.mp3"
Jan 25 21:48 : player: played "Shawn Mendes - There's Nothing Holdin' Me Back.mp3"
Jan 25 21:52 : player: played "Simple Plan ft. Natasha Bedingfield - Jet Lag.mp3"
Jan 25 21:55 : player: played "The-Chainsmokers-Sick-Boy.mp3"
Jan 25 21:58 : player: played "The-Way-I-Are-Dance-With-Somebody-Bebe-Rexha-ft.-Lil-Wayne.mp3"
Jan 25 22:02 : player: played "Weird Genius  - Sweet Scar (feat. Prince Husein).mp3"
Jan 25 22:04 : client: [0] opened from [::1]:40236
Jan 25 22:06 : client: [0] closed
Jan 25 22:09 : player: played "Party Favor & NJOMZA - Caskets (feat. FKi 1st) Official Lyric Video.mp3"
Jan 25 22:13 : player: played "Shawn Mendes - There's Nothing Holdin' Me Back.mp3"
Jan 25 22:16 : player: played "Simple Plan ft. Natasha Bedingfield - Jet Lag.mp3"
Jan 25 22:20 : player: played "The-Chainsmokers-Sick-Boy.mp3"
Jan 25 22:23 : player: played "The-Way-I-Are-Dance-With-Somebody-Bebe-Rexha-ft.-Lil-Wayne.mp3"
Jan 25 22:26 : player: played "Weird Genius  - Sweet Scar (feat. Prince Husein).mp3"
Jan 25 22:27 : client: [1] opened from [::1]:40574
Jan 25 22:27 : client: [1] closed
Jan 25 22:30 : player: played "02 The Chainsmokers All We Know (feat. Phoebe Ryan).mp3"
Jan 25 22:34 : player: played "02 The Chainsmokers New York City.mp3"
Jan 25 22:38 : player: played "03 The Chainsmokers Closer (feat. Halsey).mp3"
Jan 25 22:42 : player: played "03 The Chainsmokers Until You Were Gone (feat. Emily Warren).mp3"
Jan 25 22:46 : player: played "04 The Chainsmokers Inside Out (feat. Charlee).mp3"
Jan 25 22:49 : player: played "04 The Chainsmokers Waterbed (feat. Waterbed).mp3"
Jan 25 22:53 : player: played "05 The Chainsmokers Dont Let Me Down (feat. Daya).mp3"
Jan 25 22:56 : player: played "05 The Chainsmokers Good Intentions (feat. BullySongs).mp3"
Jan 25 22:59 : player: played "06 LINKIN PARK Kiiara Heavy.mp3"
Jan 25 23:03 : player: played "10 Sabrina Treat You Better.mp3"
Jan 25 23:06 : player: played "Alan Walker ft. Gavin James - Tired.mp3"
Jan 25 23:10 : player: played "Anjulie featuring Oskar Flood - Where The Love Goes (Official Music Video).mp3"
Jan 25 23:13 : player: played "Avicii - Without You Audio ft. Sandro Cavazza.mp3"
Jan 25 23:16 : player: played "Axwell Λ Ingrosso - More Than You Know.mp3"
Jan 25 23:20 : player: played "Cheat Codes - Stay With You (LyricsLyric Video) With CADE.mp3"
Jan 25 23:24 : player: played "Clean Bandit - Rockabye ft. Sean Paul & Anne-Marie Official Video.mp3"
Jan 25 23:27 : player: played "Felix Jaehn, Hight, Alex Aiono - Hot2Touch (Lyric Video).mp3"
Jan 25 23:29 : player: played "Jason Derulo - Swalla (feat. Nicki Minaj & Ty Dolla $ign) (Official Music Video).mp3"
Jan 25 23:51 : config: option 'mixer_device' on line 15 was not recognized
Jan 25 23:51 : config: option 'mixer_control' on line 16 was not recognized
Jan 25 23:51 : client: [0] opened from [::1]:41932
Jan 25 23:51 : client: [0] closed
Jan 25 23:52 : client: [1] opened from 127.0.0.1:44634
Jan 25 23:52 : client: [1] closed
Jan 25 23:53 : client: [2] opened from 127.0.0.1:44636
Jan 25 23:53 : client: [2] closed
Jan 25 23:54 : player: played "Party Favor & NJOMZA - Caskets (feat. FKi 1st) Official Lyric Video.mp3"
Jan 25 23:58 : player: played "Shawn Mendes - There's Nothing Holdin' Me Back.mp3"
Jan 26 00:02 : player: played "Simple Plan ft. Natasha Bedingfield - Jet Lag.mp3"
Jan 26 00:05 : player: played "The-Chainsmokers-Sick-Boy.mp3"
Jan 26 00:08 : player: played "The-Way-I-Are-Dance-With-Somebody-Bebe-Rexha-ft.-Lil-Wayne.mp3"
Jan 26 00:12 : player: played "Weird Genius  - Sweet Scar (feat. Prince Husein).mp3"
Jan 26 00:12 : client: [3] opened from [::1]:42308
Jan 26 00:12 : client: [3] closed
Jan 26 00:16 : player: played "Jessica Mauboy - Fallin'.mp3"
Jan 26 00:19 : player: played "Jonas Blue - Perfect Strangers ft. JP Cooper.mp3"
Jan 26 00:23 : player: played "Lost_Kings_-_Quit_You_Lyric_ft_Tinashe[SaveFrom.online].mp3"
Jan 26 00:26 : player: played "Maroon 5 - What Lovers Do ft. SZA.mp3"
Jan 26 00:30 : player: played "Martin Garrix & Bebe Rexha - In The Name Of Love (Official Video).mp3"
Jan 26 00:33 : player: played "Martin Garrix & Dua Lipa - Scared To Be Lonely (Official Video).mp3"
Jan 26 00:37 : player: played "Party Favor & NJOMZA - Caskets (feat. FKi 1st) Official Lyric Video.mp3"
Jan 26 00:41 : player: played "Shawn Mendes - There's Nothing Holdin' Me Back.mp3"
Jan 26 00:44 : player: played "Simple Plan ft. Natasha Bedingfield - Jet Lag.mp3"
Jan 26 00:48 : player: played "The-Chainsmokers-Sick-Boy.mp3"
Jan 26 00:51 : player: played "The-Way-I-Are-Dance-With-Somebody-Bebe-Rexha-ft.-Lil-Wayne.mp3"
Jan 26 00:54 : player: played "Weird Genius  - Sweet Scar (feat. Prince Husein).mp3"
Jan 26 06:29 : config: option 'mixer_device' on line 15 was not recognized
Jan 26 06:29 : config: option 'mixer_control' on line 16 was not recognized
Jan 26 06:29 : client: [0] opened from [::1]:57202
Jan 26 06:29 : client: [0] closed
Jan 26 06:31 : client: [1] opened from [::1]:57224
Jan 26 06:31 : client: [1] closed
Jan 26 06:31 : client: [2] opened from [::1]:57226
Jan 26 06:31 : client: [2] closed
Jan 26 06:31 : client: [3] opened from [::1]:57228
Jan 26 06:31 : client: [3] closed
Jan 26 06:32 : player: played "01 The Chainsmokers Roses (feat. ROZES).mp3"
Jan 26 06:35 : client: [4] opened from [::1]:57370
Jan 26 06:36 : client: [5] opened from [::1]:57376
Jan 26 06:36 : client: [5] closed
Jan 26 06:37 : player: played "01 The Chainsmokers Setting Fires (feat. XYL).mp3"
Jan 26 06:38 : client: [6] opened from [::1]:57380
Jan 26 06:39 : client: [6] closed
Jan 26 06:39 : client: [7] opened from [::1]:57390
Jan 26 06:39 : client: [7] closed
Jan 26 06:39 : client: [8] opened from [::1]:57392
Jan 26 06:39 : client: [8] closed
Jan 26 06:39 : client: [9] opened from [::1]:57394
Jan 26 06:40 : player: played "02 The Chainsmokers All We Know (feat. Phoebe Ryan).mp3"
Jan 26 06:43 : client: [4] closed
Jan 26 06:44 : player: played "02 The Chainsmokers New York City.mp3"
Jan 26 06:48 : exception: Failed to decode /home/blackcat/Music/Music/03 The Chainsmokers Until You Were Gone (feat. Emily Warren).mp3
Jan 26 06:48 : exception: nested: Failed to open /home/blackcat/Music/Music/03 The Chainsmokers Until You Were Gone (feat. Emily Warren).mp3: No such file or directory
Jan 26 06:48 : player: played "03 The Chainsmokers Closer (feat. Halsey).mp3"
Jan 26 06:48 : player: played "03 The Chainsmokers Until You Were Gone (feat. Emily Warren).mp3"
Jan 26 06:48 : exception: Failed to decode /home/blackcat/Music/Music/04 The Chainsmokers Inside Out (feat. Charlee).mp3
Jan 26 06:48 : exception: nested: Failed to open /home/blackcat/Music/Music/04 The Chainsmokers Inside Out (feat. Charlee).mp3: No such file or directory
Jan 26 06:48 : player: played "04 The Chainsmokers Inside Out (feat. Charlee).mp3"
Jan 26 06:48 : exception: Failed to decode /home/blackcat/Music/Music/04 The Chainsmokers Inside Out (feat. Charlee).mp3
Jan 26 06:48 : exception: nested: Failed to open /home/blackcat/Music/Music/04 The Chainsmokers Inside Out (feat. Charlee).mp3: No such file or directory
Jan 26 06:48 : player: played "04 The Chainsmokers Inside Out (feat. Charlee).mp3"
Jan 26 06:50 : client: [10] opened from [::1]:57536
Jan 26 06:50 : update: removing 01 The Chainsmokers Roses (feat. ROZES).mp3
Jan 26 06:50 : update: removing 03 The Chainsmokers Until You Were Gone (feat. Emily Warren).mp3
Jan 26 06:50 : update: removing 02 The Chainsmokers New York City.mp3
Jan 26 06:50 : update: removing 02 The Chainsmokers All We Know (feat. Phoebe Ryan).mp3
Jan 26 06:50 : update: removing 01 The Chainsmokers Setting Fires (feat. XYL).mp3
Jan 26 06:50 : update: removing 05 The Chainsmokers Good Intentions (feat. BullySongs).mp3
Jan 26 06:50 : update: removing 04 The Chainsmokers Waterbed (feat. Waterbed).mp3
Jan 26 06:50 : update: removing 05 The Chainsmokers Dont Let Me Down (feat. Daya).mp3
Jan 26 06:50 : update: removing 04 The Chainsmokers Inside Out (feat. Charlee).mp3
Jan 26 06:50 : update: removing 03 The Chainsmokers Closer (feat. Halsey).mp3
Jan 26 06:50 : update: removing 06 LINKIN PARK Kiiara Heavy.mp3
Jan 26 06:50 : update: updating /Jonas Blue - Perfect Strangers ft. JP Cooper.mp3
Jan 26 06:50 : update: removing The-Chainsmokers-Sick-Boy.mp3
Jan 26 06:50 : update: removing 01 Mama (feat. William Singe).mp3
Jan 26 06:50 : update: removing 10 Sabrina Treat You Better.mp3
Jan 26 06:50 : update: added /The Chainsmokers - New York City.mp3
Jan 26 06:50 : update: updating /Lost_Kings_-_Quit_You_Lyric_ft_Tinashe[SaveFrom.online].mp3
Jan 26 06:50 : update: added /The Chainsmokers - Closer (feat. Halsey).mp3
Jan 26 06:50 : update: updating /Simple Plan ft. Natasha Bedingfield - Jet Lag.mp3
Jan 26 06:50 : update: updating /Axwell Λ Ingrosso - More Than You Know.mp3
Jan 26 06:50 : update: added /The Chainsmokers - All We Know (feat. Phoebe Ryan).mp3
Jan 26 06:50 : update: updating /Alan Walker ft. Gavin James - Tired.mp3
Jan 26 06:50 : update: added /Sabrina Treat You Better.mp3
Jan 26 06:50 : update: added /The Chainsmokers - Roses (feat. ROZES).mp3
Jan 26 06:50 : update: added /The Chainsmokers - Setting Fires (feat. XYL).mp3
Jan 26 06:50 : update: added /The Chainsmokers - Waterbed (feat. Waterbed).mp3
Jan 26 06:50 : update: added /The Chainsmokers - Dont Let Me Down (feat. Daya).mp3
Jan 26 06:50 : update: updating /Felix Jaehn, Hight, Alex Aiono - Hot2Touch (Lyric Video).mp3
Jan 26 06:50 : update: updating /Jessica Mauboy - Fallin'.mp3
Jan 26 06:50 : update: updating /Avicii - Without You Audio ft. Sandro Cavazza.mp3
Jan 26 06:50 : update: updating /Cheat Codes - Stay With You (LyricsLyric Video) With CADE.mp3
Jan 26 06:50 : update: added /LINKIN PARK Kiiara Heavy.mp3
Jan 26 06:50 : update: added /The Chainsmokers - Inside Out (feat. Charlee).mp3
Jan 26 06:50 : update: added /The Chainsmokers - Sick Boy.mp3
Jan 26 06:50 : update: updating /The-Way-I-Are-Dance-With-Somebody-Bebe-Rexha-ft.-Lil-Wayne.mp3
Jan 26 06:50 : update: updating /Anjulie featuring Oskar Flood - Where The Love Goes (Official Music Video).mp3
Jan 26 06:50 : update: updating /Shawn Mendes - There's Nothing Holdin' Me Back.mp3
Jan 26 06:50 : update: added /The Chainsmokers - Good Intentions (feat. BullySongs).mp3
Jan 26 06:50 : update: updating /Martin Garrix & Bebe Rexha - In The Name Of Love (Official Video).mp3
Jan 26 06:50 : update: updating /Martin Garrix & Dua Lipa - Scared To Be Lonely (Official Video).mp3
Jan 26 06:50 : update: updating /Jason Derulo - Swalla (feat. Nicki Minaj & Ty Dolla $ign) (Official Music Video).mp3
Jan 26 06:50 : update: updating /Weird Genius  - Sweet Scar (feat. Prince Husein).mp3
Jan 26 06:50 : update: updating /Maroon 5 - What Lovers Do ft. SZA.mp3
Jan 26 06:50 : update: updating /03 Daniel Powter Bad Day.mp3
Jan 26 06:50 : update: updating /Party Favor & NJOMZA - Caskets (feat. FKi 1st) Official Lyric Video.mp3
Jan 26 06:50 : update: added /The Chainsmokers - Until You Were Gone (feat. Emily Warren).mp3
Jan 26 06:50 : update: added /Mama (feat. William Singe).mp3
Jan 26 06:50 : update: updating /Clean Bandit - Rockabye ft. Sean Paul & Anne-Marie Official Video.mp3
Jan 26 06:50 : client: [9] closed
Jan 26 06:50 : player: played "Weird Genius  - Sweet Scar (feat. Prince Husein).mp3"
Jan 26 06:54 : client: [10] closed
Jan 26 06:54 : player: played "The Chainsmokers - Closer (feat. Halsey).mp3"
Jan 26 06:58 : player: played "The Chainsmokers - Dont Let Me Down (feat. Daya).mp3"
Jan 26 07:01 : player: played "The Chainsmokers - Good Intentions (feat. BullySongs).mp3"
Jan 26 07:05 : player: played "The Chainsmokers - Inside Out (feat. Charlee).mp3"
Jan 26 07:09 : player: played "The Chainsmokers - New York City.mp3"
Jan 26 07:13 : player: played "The Chainsmokers - Roses (feat. ROZES).mp3"
Jan 26 07:17 : player: played "The Chainsmokers - Setting Fires (feat. XYL).mp3"
Jan 26 07:20 : player: played "The Chainsmokers - Sick Boy.mp3"
Jan 26 07:24 : player: played "The Chainsmokers - Waterbed (feat. Waterbed).mp3"
Jan 26 07:28 : player: played "The Chainsmokers - Until You Were Gone (feat. Emily Warren).mp3"
Jan 26 07:29 : client: [11] opened from [::1]:58610
Jan 26 07:29 : client: [11] closed
Jan 26 07:33 : player: played "Maroon 5 - What Lovers Do ft. SZA.mp3"
Jan 26 07:36 : player: played "Martin Garrix & Bebe Rexha - In The Name Of Love (Official Video).mp3"
Jan 26 07:40 : player: played "Martin Garrix & Dua Lipa - Scared To Be Lonely (Official Video).mp3"
Jan 26 07:43 : player: played "Party Favor & NJOMZA - Caskets (feat. FKi 1st) Official Lyric Video.mp3"
Jan 26 07:47 : player: played "Sabrina Treat You Better.mp3"
Jan 26 07:51 : player: played "Shawn Mendes - There's Nothing Holdin' Me Back.mp3"
Jan 26 07:54 : player: played "Simple Plan ft. Natasha Bedingfield - Jet Lag.mp3"
Jan 26 07:57 : player: played "The-Way-I-Are-Dance-With-Somebody-Bebe-Rexha-ft.-Lil-Wayne.mp3"
Jan 26 08:01 : player: played "Weird Genius  - Sweet Scar (feat. Prince Husein).mp3"
Jan 26 08:05 : player: played "Zayn Malik - Dusk Till Dawn .mp3"
Jan 26 10:18 : config: option 'mixer_device' on line 15 was not recognized
Jan 26 10:18 : config: option 'mixer_control' on line 16 was not recognized
Jan 26 10:18 : client: [0] opened from [::1]:36548
Jan 26 10:18 : client: [0] closed
Jan 26 10:21 : player: played "The Chainsmokers - All We Know (feat. Phoebe Ryan).mp3"
Jan 26 10:25 : player: played "The Chainsmokers - Closer (feat. Halsey).mp3"
Jan 26 10:29 : player: played "The Chainsmokers - Dont Let Me Down (feat. Daya).mp3"
Jan 26 10:32 : player: played "The Chainsmokers - Good Intentions (feat. BullySongs).mp3"
Jan 26 10:34 : client: [1] opened from [::1]:36550
Jan 26 10:34 : client: [1] closed
Jan 26 10:34 : client: [2] opened from [::1]:36552
Jan 26 10:35 : client: [2] closed
Jan 26 10:36 : player: played "The Chainsmokers - Inside Out (feat. Charlee).mp3"
Jan 26 10:40 : player: played "The Chainsmokers - New York City.mp3"
Jan 26 10:43 : player: played "The Chainsmokers - Roses (feat. ROZES).mp3"
Jan 26 10:48 : player: played "The Chainsmokers - Setting Fires (feat. XYL).mp3"
Jan 26 10:51 : player: played "The Chainsmokers - Sick Boy.mp3"
Jan 26 10:55 : player: played "The Chainsmokers - Waterbed (feat. Waterbed).mp3"
Jan 26 10:58 : player: played "The Chainsmokers - Until You Were Gone (feat. Emily Warren).mp3"
Jan 26 11:02 : player: played "03 Daniel Powter Bad Day.mp3"
Jan 26 11:06 : player: played "Alan Walker ft. Gavin James - Tired.mp3"
Jan 26 11:09 : player: played "Anjulie featuring Oskar Flood - Where The Love Goes (Official Music Video).mp3"
Jan 26 11:12 : player: played "Avicii - Without You Audio ft. Sandro Cavazza.mp3"
Jan 26 11:15 : player: played "Axwell Λ Ingrosso - More Than You Know.mp3"
Jan 26 11:19 : player: played "Cheat Codes - Stay With You (LyricsLyric Video) With CADE.mp3"
Jan 26 11:23 : player: played "Clean Bandit - Rockabye ft. Sean Paul & Anne-Marie Official Video.mp3"
Jan 26 11:26 : player: played "Felix Jaehn, Hight, Alex Aiono - Hot2Touch (Lyric Video).mp3"
Jan 26 11:30 : player: played "Jason Derulo - Swalla (feat. Nicki Minaj & Ty Dolla $ign) (Official Music Video).mp3"
Jan 26 11:33 : player: played "Jessica Mauboy - Fallin'.mp3"
Jan 26 11:35 : player: played "Jonas Blue - Perfect Strangers ft. JP Cooper.mp3"
Jan 26 12:59 : config: option 'mixer_device' on line 15 was not recognized
Jan 26 12:59 : config: option 'mixer_control' on line 16 was not recognized
Jan 26 13:01 : player: played "Jonas Blue - Perfect Strangers ft. JP Cooper.mp3"
Jan 26 13:04 : player: played "LINKIN PARK Kiiara Heavy.mp3"
Jan 26 13:07 : player: played "Lost_Kings_-_Quit_You_Lyric_ft_Tinashe[SaveFrom.online].mp3"
Jan 26 13:10 : player: played "Mama (feat. William Singe).mp3"
Jan 26 13:14 : player: played "Maroon 5 - What Lovers Do ft. SZA.mp3"
Jan 26 13:17 : player: played "Martin Garrix & Bebe Rexha - In The Name Of Love (Official Video).mp3"
Jan 26 13:21 : player: played "Martin Garrix & Dua Lipa - Scared To Be Lonely (Official Video).mp3"
Jan 26 13:24 : player: played "Party Favor & NJOMZA - Caskets (feat. FKi 1st) Official Lyric Video.mp3"
Jan 26 13:27 : player: played "Sabrina Treat You Better.mp3"
Jan 27 09:12 : config: option 'mixer_device' on line 15 was not recognized
Jan 27 09:12 : config: option 'mixer_control' on line 16 was not recognized
Jan 27 09:13 : client: [0] opened from [::1]:55142
Jan 27 09:16 : player: played "The Chainsmokers - All We Know (feat. Phoebe Ryan).mp3"
Jan 27 09:20 : player: played "The Chainsmokers - Closer (feat. Halsey).mp3"
Jan 27 09:24 : player: played "The Chainsmokers - Dont Let Me Down (feat. Daya).mp3"
Jan 27 09:27 : player: played "The Chainsmokers - Good Intentions (feat. BullySongs).mp3"
Jan 27 09:31 : player: played "The Chainsmokers - Inside Out (feat. Charlee).mp3"
Jan 27 09:35 : player: played "The Chainsmokers - New York City.mp3"
Jan 27 09:39 : player: played "The Chainsmokers - Roses (feat. ROZES).mp3"
Jan 27 09:43 : player: played "The Chainsmokers - Setting Fires (feat. XYL).mp3"
Jan 27 09:47 : player: played "The Chainsmokers - Sick Boy.mp3"
Jan 27 09:54 : player: played "The Chainsmokers - Until You Were Gone (feat. Emily Warren).mp3"
Jan 27 09:57 : player: played "03 Daniel Powter Bad Day.mp3"
Jan 27 10:01 : player: played "Alan Walker ft. Gavin James - Tired.mp3"
Jan 27 10:04 : player: played "Anjulie featuring Oskar Flood - Where The Love Goes (Official Music Video).mp3"
Jan 27 10:07 : player: played "Avicii - Without You Audio ft. Sandro Cavazza.mp3"
Jan 27 10:11 : player: played "Axwell Λ Ingrosso - More Than You Know.mp3"
Jan 27 10:14 : player: played "Cheat Codes - Stay With You (LyricsLyric Video) With CADE.mp3"
Jan 27 10:18 : player: played "Clean Bandit - Rockabye ft. Sean Paul & Anne-Marie Official Video.mp3"
Jan 27 10:21 : player: played "Felix Jaehn, Hight, Alex Aiono - Hot2Touch (Lyric Video).mp3"
Jan 27 10:24 : player: played "Party Favor & NJOMZA - Caskets (feat. FKi 1st) Official Lyric Video.mp3"
Jan 27 10:28 : player: played "Sabrina Treat You Better.mp3"
Jan 27 10:32 : player: played "Shawn Mendes - There's Nothing Holdin' Me Back.mp3"
Jan 27 10:36 : player: played "Simple Plan ft. Natasha Bedingfield - Jet Lag.mp3"
Jan 27 10:39 : player: played "The-Way-I-Are-Dance-With-Somebody-Bebe-Rexha-ft.-Lil-Wayne.mp3"
Jan 27 10:42 : client: [0] closed
Jan 27 10:42 : player: played "Weird Genius  - Sweet Scar (feat. Prince Husein).mp3"
Jan 27 10:46 : player: played "Zayn Malik - Dusk Till Dawn .mp3"
Jan 27 11:23 : config: option 'mixer_device' on line 15 was not recognized
Jan 27 11:23 : config: option 'mixer_control' on line 16 was not recognized
Jan 27 11:24 : player: played "Zayn Malik - Dusk Till Dawn .mp3"
Jan 27 11:25 : client: [0] opened from [::1]:46466
Jan 27 11:29 : player: played "The Chainsmokers - All We Know (feat. Phoebe Ryan).mp3"
Jan 27 11:33 : player: played "The Chainsmokers - Closer (feat. Halsey).mp3"
Jan 27 11:36 : player: played "The Chainsmokers - Dont Let Me Down (feat. Daya).mp3"
Jan 27 11:40 : player: played "The Chainsmokers - Good Intentions (feat. BullySongs).mp3"
Jan 27 11:44 : player: played "The Chainsmokers - Inside Out (feat. Charlee).mp3"
Jan 27 11:46 : client: [1] opened from [::1]:46468
Jan 27 11:46 : client: [1] closed
Jan 27 11:46 : client: [2] opened from [::1]:46470
Jan 27 11:46 : client: [2] closed
Jan 27 11:46 : client: [3] opened from [::1]:46472
Jan 27 11:47 : client: [3] closed
Jan 27 11:47 : client: [4] opened from [::1]:46474
Jan 27 11:47 : client: [4] closed
Jan 27 11:47 : client: [5] opened from [::1]:46476
Jan 27 11:47 : player: played "The Chainsmokers - New York City.mp3"
Jan 27 11:49 : client: [5] closed
Jan 27 11:49 : client: [6] opened from [::1]:46478
Jan 27 11:50 : client: [6] closed
Jan 27 11:51 : player: played "The Chainsmokers - Roses (feat. ROZES).mp3"
Jan 27 11:55 : player: played "The Chainsmokers - Setting Fires (feat. XYL).mp3"
Jan 27 11:59 : player: played "The Chainsmokers - Sick Boy.mp3"
Jan 27 12:02 : player: played "The Chainsmokers - Waterbed (feat. Waterbed).mp3"
Jan 27 12:06 : player: played "The Chainsmokers - Until You Were Gone (feat. Emily Warren).mp3"
Jan 27 12:08 : client: [0] closed
Jan 27 12:10 : player: played "03 Daniel Powter Bad Day.mp3"
Jan 27 12:14 : player: played "Alan Walker ft. Gavin James - Tired.mp3"
Jan 27 12:15 : player: played "Anjulie featuring Oskar Flood - Where The Love Goes (Official Music Video).mp3"
Jan 27 14:36 : config: option 'mixer_device' on line 16 was not recognized
Jan 27 14:36 : config: option 'mixer_control' on line 17 was not recognized
Jan 27 14:36 : client: [0] opened from [::1]:46852
Jan 27 14:36 : client: [0] closed
Jan 27 14:36 : client: [1] opened from [::1]:46854
Jan 27 14:36 : client: [1] closed
Jan 27 14:39 : player: played "The-Way-I-Are-Dance-With-Somebody-Bebe-Rexha-ft.-Lil-Wayne.mp3"
Jan 27 14:40 : client: [2] opened from [::1]:47000
Jan 27 14:40 : client: [2] closed
Jan 27 14:43 : player: played "The Chainsmokers - All We Know (feat. Phoebe Ryan).mp3"
Jan 27 14:47 : player: played "The Chainsmokers - Closer (feat. Halsey).mp3"
Jan 27 14:50 : player: played "The Chainsmokers - Dont Let Me Down (feat. Daya).mp3"
Jan 27 14:54 : player: played "The Chainsmokers - Good Intentions (feat. BullySongs).mp3"
Jan 27 14:58 : player: played "The Chainsmokers - Inside Out (feat. Charlee).mp3"
Jan 27 15:02 : player: played "The Chainsmokers - New York City.mp3"
Jan 27 15:05 : player: played "The Chainsmokers - Roses (feat. ROZES).mp3"
Jan 27 15:10 : player: played "The Chainsmokers - Setting Fires (feat. XYL).mp3"
Jan 27 15:13 : player: played "The Chainsmokers - Sick Boy.mp3"
Jan 27 15:17 : player: played "The Chainsmokers - Waterbed (feat. Waterbed).mp3"
Jan 27 15:20 : player: played "The Chainsmokers - Until You Were Gone (feat. Emily Warren).mp3"
Jan 27 15:24 : player: played "03 Daniel Powter Bad Day.mp3"
Jan 27 15:28 : player: played "Alan Walker ft. Gavin James - Tired.mp3"
Jan 27 15:31 : player: played "Anjulie featuring Oskar Flood - Where The Love Goes (Official Music Video).mp3"
Jan 27 15:34 : player: played "Avicii - Without You Audio ft. Sandro Cavazza.mp3"
Jan 27 15:37 : player: played "Axwell Λ Ingrosso - More Than You Know.mp3"
Jan 27 15:41 : player: played "Cheat Codes - Stay With You (LyricsLyric Video) With CADE.mp3"
Jan 27 15:45 : player: played "Clean Bandit - Rockabye ft. Sean Paul & Anne-Marie Official Video.mp3"
Jan 27 15:48 : player: played "Felix Jaehn, Hight, Alex Aiono - Hot2Touch (Lyric Video).mp3"
Jan 27 15:52 : player: played "Jason Derulo - Swalla (feat. Nicki Minaj & Ty Dolla $ign) (Official Music Video).mp3"
Jan 27 15:55 : player: played "Jessica Mauboy - Fallin'.mp3"
Jan 27 15:59 : player: played "Jonas Blue - Perfect Strangers ft. JP Cooper.mp3"
Jan 27 16:01 : player: played "LINKIN PARK Kiiara Heavy.mp3"
Jan 27 16:05 : player: played "Lost_Kings_-_Quit_You_Lyric_ft_Tinashe[SaveFrom.online].mp3"
Jan 27 16:08 : player: played "Mama (feat. William Singe).mp3"
Jan 27 16:11 : player: played "Maroon 5 - What Lovers Do ft. SZA.mp3"
Jan 27 16:15 : player: played "Martin Garrix & Bebe Rexha - In The Name Of Love (Official Video).mp3"
Jan 27 16:19 : player: played "Martin Garrix & Dua Lipa - Scared To Be Lonely (Official Video).mp3"
Jan 27 16:22 : player: played "Party Favor & NJOMZA - Caskets (feat. FKi 1st) Official Lyric Video.mp3"
Jan 27 16:26 : player: played "Sabrina Treat You Better.mp3"
Jan 27 16:30 : player: played "Shawn Mendes - There's Nothing Holdin' Me Back.mp3"
Jan 27 16:33 : player: played "Simple Plan ft. Natasha Bedingfield - Jet Lag.mp3"
Jan 27 16:36 : player: played "The-Way-I-Are-Dance-With-Somebody-Bebe-Rexha-ft.-Lil-Wayne.mp3"
Jan 27 16:40 : player: played "Weird Genius  - Sweet Scar (feat. Prince Husein).mp3"
Jan 27 16:44 : player: played "Zayn Malik - Dusk Till Dawn .mp3"
Jan 27 16:48 : player: played "Alan Walker ft. Gavin James - Tired.mp3"
Jan 27 16:51 : player: played "Anjulie featuring Oskar Flood - Where The Love Goes (Official Music Video).mp3"
Jan 27 16:54 : player: played "Avicii - Without You Audio ft. Sandro Cavazza.mp3"
Jan 27 22:23 : config: option 'mixer_device' on line 16 was not recognized
Jan 27 22:23 : config: option 'mixer_control' on line 17 was not recognized
Jan 27 22:23 : client: [0] opened from [::1]:37872
Jan 27 22:23 : client: [0] closed
Jan 27 22:26 : player: played "The Chainsmokers - All We Know (feat. Phoebe Ryan).mp3"
Jan 27 22:30 : player: played "The Chainsmokers - Closer (feat. Halsey).mp3"
Jan 27 22:34 : player: played "The Chainsmokers - Dont Let Me Down (feat. Daya).mp3"
Jan 27 22:37 : player: played "The Chainsmokers - Good Intentions (feat. BullySongs).mp3"
Jan 27 22:41 : player: played "The Chainsmokers - Inside Out (feat. Charlee).mp3"
Jan 27 22:45 : player: played "The Chainsmokers - New York City.mp3"
Jan 27 22:49 : player: played "The Chainsmokers - Roses (feat. ROZES).mp3"
Jan 27 22:53 : player: played "The Chainsmokers - Setting Fires (feat. XYL).mp3"
Jan 27 22:56 : player: played "The Chainsmokers - Sick Boy.mp3"
Jan 27 22:57 : player: played "The Chainsmokers - Waterbed (feat. Waterbed).mp3"
Jan 28 18:12 : config: option 'mixer_device' on line 16 was not recognized
Jan 28 18:12 : config: option 'mixer_control' on line 17 was not recognized
Jan 28 18:12 : client: [0] opened from [::1]:57212
Jan 28 18:13 : client: [0] closed
Jan 28 18:16 : player: played "The Chainsmokers - All We Know (feat. Phoebe Ryan).mp3"
Jan 28 18:20 : player: played "The Chainsmokers - Closer (feat. Halsey).mp3"
Jan 28 18:20 : client: [1] opened from [::1]:57222
Jan 28 18:20 : client: [1] closed
Jan 28 18:24 : player: played "The Chainsmokers - Inside Out (feat. Charlee).mp3"
Jan 28 18:27 : client: [2] opened from [::1]:57224
Jan 28 18:27 : client: [2] closed
Jan 28 18:30 : player: played "Party Favor & NJOMZA - Caskets (feat. FKi 1st) Official Lyric Video.mp3"
Jan 28 18:34 : player: played "Sabrina Treat You Better.mp3"
Jan 28 18:35 : client: [3] opened from [::1]:57226
Jan 28 18:35 : client: [3] closed
Jan 28 18:38 : player: played "Shawn Mendes - There's Nothing Holdin' Me Back.mp3"
Jan 28 18:41 : player: played "Simple Plan ft. Natasha Bedingfield - Jet Lag.mp3"
Jan 28 18:44 : player: played "The-Way-I-Are-Dance-With-Somebody-Bebe-Rexha-ft.-Lil-Wayne.mp3"
Jan 28 18:48 : player: played "Weird Genius  - Sweet Scar (feat. Prince Husein).mp3"
Jan 28 18:52 : player: played "Zayn Malik - Dusk Till Dawn .mp3"
Jan 28 18:56 : player: played "Alan Walker ft. Gavin James - Tired.mp3"
Jan 28 18:59 : player: played "Anjulie featuring Oskar Flood - Where The Love Goes (Official Music Video).mp3"
Jan 28 19:02 : player: played "Avicii - Without You Audio ft. Sandro Cavazza.mp3"
Jan 28 19:05 : player: played "Axwell Λ Ingrosso - More Than You Know.mp3"
Jan 28 19:09 : player: played "Cheat Codes - Stay With You (LyricsLyric Video) With CADE.mp3"
Jan 28 19:13 : player: played "Clean Bandit - Rockabye ft. Sean Paul & Anne-Marie Official Video.mp3"
Jan 28 19:16 : player: played "Felix Jaehn, Hight, Alex Aiono - Hot2Touch (Lyric Video).mp3"
Jan 28 19:20 : player: played "Jason Derulo - Swalla (feat. Nicki Minaj & Ty Dolla $ign) (Official Music Video).mp3"
Jan 28 19:23 : player: played "Jessica Mauboy - Fallin'.mp3"
Jan 28 19:27 : player: played "Jonas Blue - Perfect Strangers ft. JP Cooper.mp3"
Jan 28 19:30 : player: played "Lost_Kings_-_Quit_You_Lyric_ft_Tinashe[SaveFrom.online].mp3"
Jan 28 19:34 : player: played "Maroon 5 - What Lovers Do ft. SZA.mp3"
Jan 28 19:37 : player: played "Martin Garrix & Bebe Rexha - In The Name Of Love (Official Video).mp3"
Jan 28 19:37 : client: [4] opened from [::1]:57570
Jan 28 19:37 : client: [4] closed
Jan 28 19:38 : client: [5] opened from [::1]:57574
Jan 28 19:38 : client: [5] closed
Jan 28 19:40 : player: played "The Chainsmokers - All We Know (feat. Phoebe Ryan).mp3"
Jan 28 19:44 : player: played "The Chainsmokers - Closer (feat. Halsey).mp3"
Jan 28 19:48 : player: played "The Chainsmokers - Dont Let Me Down (feat. Daya).mp3"
Jan 28 19:51 : player: played "The Chainsmokers - Good Intentions (feat. BullySongs).mp3"
Jan 28 19:55 : player: played "The Chainsmokers - Inside Out (feat. Charlee).mp3"
Jan 28 19:59 : player: played "The Chainsmokers - New York City.mp3"
Jan 28 20:03 : player: played "The Chainsmokers - Roses (feat. ROZES).mp3"
Jan 28 20:05 : client: [6] opened from [::1]:58016
Jan 28 20:05 : exception: Failed to open "MyALSA" [alsa]
Jan 28 20:05 : exception: nested: Failed to open ALSA device "default": Device or resource busy
Jan 28 20:06 : exception: Failed to open "MyALSA" [alsa]
Jan 28 20:06 : exception: nested: Failed to open ALSA device "default": Device or resource busy
Jan 28 20:09 : player: played "The Chainsmokers - All We Know (feat. Phoebe Ryan).mp3"
Jan 28 20:13 : player: played "The Chainsmokers - Closer (feat. Halsey).mp3"
Jan 28 20:14 : client: [6] closed
Jan 28 20:16 : client: [7] opened from [::1]:58022
Jan 28 20:16 : client: [7] closed
Jan 28 20:19 : player: played "The Chainsmokers - Dont Let Me Down (feat. Daya).mp3"
Jan 29 00:55 : config: option 'mixer_device' on line 16 was not recognized
Jan 29 00:55 : config: option 'mixer_control' on line 17 was not recognized
Jan 29 00:55 : client: [0] opened from [::1]:32820
Jan 29 00:55 : client: [1] opened from [::1]:32822
Jan 29 00:56 : client: [0] closed
Jan 29 00:58 : player: played "The Chainsmokers - All We Know (feat. Phoebe Ryan).mp3"
Jan 29 00:58 : client: [1] closed
Jan 29 00:59 : client: [2] opened from [::1]:32840
Jan 29 00:59 : client: [3] opened from [::1]:32842
Jan 29 00:59 : client: [2] closed
Jan 29 00:59 : client: [4] opened from [::1]:32844
Jan 29 00:59 : client: [4] closed
Jan 29 01:00 : client: [5] opened from [::1]:32846
Jan 29 01:00 : client: [5] closed
Jan 29 01:00 : client: [6] opened from [::1]:32860
Jan 29 01:01 : client: [3] closed
Jan 29 01:01 : client: [7] opened from [::1]:32884
Jan 29 01:03 : client: [7] closed
Jan 29 01:03 : client: [8] opened from [::1]:32888
Jan 29 01:03 : client: [8] closed
Jan 29 01:06 : player: played "The Chainsmokers - Until You Were Gone (feat. Emily Warren).mp3"
Jan 29 01:08 : client: [6] closed
Jan 29 01:09 : client: [9] opened from [::1]:33916
Jan 29 01:09 : client: [9] closed
Jan 29 02:55 : client: [10] opened from [::1]:36600
Jan 29 02:56 : player: played "03 Daniel Powter Bad Day.mp3"
Jan 29 03:00 : player: played "Alan Walker ft. Gavin James - Tired.mp3"
Jan 29 03:03 : player: played "Anjulie featuring Oskar Flood - Where The Love Goes (Official Music Video).mp3"
Jan 29 03:06 : client: [10] closed
Jan 29 03:06 : player: played "Avicii - Without You Audio ft. Sandro Cavazza.mp3"
Jan 29 03:49 : config: option 'mixer_device' on line 16 was not recognized
Jan 29 03:49 : config: option 'mixer_control' on line 17 was not recognized
Jan 29 03:49 : client: [0] opened from [::1]:35506
Jan 29 03:49 : client: [0] closed
Jan 29 03:52 : player: played "The Chainsmokers - All We Know (feat. Phoebe Ryan).mp3"
Jan 29 03:56 : player: played "The Chainsmokers - Closer (feat. Halsey).mp3"
Jan 29 04:00 : player: played "The Chainsmokers - Dont Let Me Down (feat. Daya).mp3"
Jan 29 04:03 : player: played "The Chainsmokers - Good Intentions (feat. BullySongs).mp3"
Jan 29 04:07 : player: played "The Chainsmokers - Inside Out (feat. Charlee).mp3"
Jan 29 04:11 : player: played "The Chainsmokers - New York City.mp3"
Jan 29 04:14 : client: [1] opened from [::1]:35520
Jan 29 04:14 : client: [1] closed
Jan 29 04:27 : player: played "The Chainsmokers - Roses (feat. ROZES).mp3"
Jan 29 17:58 : config: option 'mixer_device' on line 16 was not recognized
Jan 29 17:58 : config: option 'mixer_control' on line 17 was not recognized
Jan 29 18:16 : player: played "The Chainsmokers - Roses (feat. ROZES).mp3"
Jan 30 07:29 : config: option 'mixer_device' on line 16 was not recognized
Jan 30 07:29 : config: option 'mixer_control' on line 17 was not recognized
Jan 30 07:29 : client: [0] opened from [::1]:34242
Jan 30 07:29 : client: [0] closed
Jan 30 07:29 : client: [1] opened from [::1]:34244
Jan 30 07:33 : player: played "The Chainsmokers - Roses (feat. ROZES).mp3"
Jan 30 07:37 : player: played "The Chainsmokers - Setting Fires (feat. XYL).mp3"
Jan 30 07:41 : player: played "The Chainsmokers - Sick Boy.mp3"
Jan 30 07:43 : client: [1] closed
Jan 30 07:46 : player: played "The Chainsmokers - All We Know (feat. Phoebe Ryan).mp3"
Jan 30 07:50 : player: played "The Chainsmokers - Closer (feat. Halsey).mp3"
Jan 30 07:53 : player: played "The Chainsmokers - Dont Let Me Down (feat. Daya).mp3"
Jan 30 07:57 : player: played "The Chainsmokers - Good Intentions (feat. BullySongs).mp3"
Jan 30 08:00 : player: played "The Chainsmokers - Inside Out (feat. Charlee).mp3"
Jan 30 08:04 : player: played "The Chainsmokers - New York City.mp3"
Jan 30 08:04 : client: [2] opened from [::1]:35036
Jan 30 08:04 : client: [2] closed
Jan 30 08:05 : player: played "The Chainsmokers - Roses (feat. ROZES).mp3"
Jan 30 09:33 : config: option 'mixer_device' on line 16 was not recognized
Jan 30 09:33 : config: option 'mixer_control' on line 17 was not recognized
Jan 30 09:36 : client: [0] opened from [::1]:34086
Jan 30 09:38 : exception: Failed to open "MyALSA" [alsa]
Jan 30 09:38 : exception: nested: Failed to open ALSA device "default": Device or resource busy
Jan 30 09:41 : player: played "The Chainsmokers - All We Know (feat. Phoebe Ryan).mp3"
Jan 30 09:45 : player: played "The Chainsmokers - Closer (feat. Halsey).mp3"
Jan 30 09:49 : player: played "The Chainsmokers - Dont Let Me Down (feat. Daya).mp3"
Jan 30 09:52 : player: played "The Chainsmokers - Good Intentions (feat. BullySongs).mp3"
Jan 30 09:56 : player: played "The Chainsmokers - Inside Out (feat. Charlee).mp3"
Jan 30 10:00 : player: played "The Chainsmokers - New York City.mp3"
Jan 30 10:04 : player: played "The Chainsmokers - Roses (feat. ROZES).mp3"
Jan 30 10:08 : player: played "The Chainsmokers - Setting Fires (feat. XYL).mp3"
Jan 30 10:12 : player: played "The Chainsmokers - Sick Boy.mp3"
Jan 30 10:15 : player: played "The Chainsmokers - Waterbed (feat. Waterbed).mp3"
Jan 30 10:16 : client: [1] opened from [::1]:35590
Jan 30 10:17 : client: [1] closed
Jan 30 10:17 : client: [2] opened from [::1]:35596
Jan 30 10:17 : client: [2] closed
Jan 30 10:17 : client: [0] closed
Jan 30 10:18 : client: [3] opened from [::1]:35612
Jan 30 10:18 : client: [3] closed
Jan 30 10:18 : client: [4] opened from [::1]:35626
Jan 30 10:18 : client: [4] closed
Jan 30 10:18 : client: [5] opened from [::1]:35628
Jan 30 10:18 : client: [5] closed
Jan 30 10:18 : client: [6] opened from [::1]:35630
Jan 30 10:18 : client: [6] closed
Jan 30 10:18 : client: [7] opened from [::1]:35632
Jan 30 10:18 : client: [7] closed
Jan 30 10:18 : client: [8] opened from [::1]:35634
Jan 30 10:18 : client: [8] closed
Jan 30 10:18 : client: [9] opened from [::1]:35636
Jan 30 10:18 : client: [9] closed
Jan 30 10:18 : client: [10] opened from [::1]:35638
Jan 30 10:18 : client: [10] closed
Jan 30 10:20 : player: played "Jessica Mauboy - Fallin'.mp3"
Jan 30 10:24 : player: played "Jonas Blue - Perfect Strangers ft. JP Cooper.mp3"
Jan 30 10:27 : player: played "LINKIN PARK Kiiara Heavy.mp3"
Jan 30 10:30 : player: played "Lost_Kings_-_Quit_You_Lyric_ft_Tinashe[SaveFrom.online].mp3"
Jan 30 10:34 : player: played "Mama (feat. William Singe).mp3"
Jan 30 10:37 : player: played "Maroon 5 - What Lovers Do ft. SZA.mp3"
Jan 30 10:40 : player: played "Martin Garrix & Bebe Rexha - In The Name Of Love (Official Video).mp3"
Jan 30 10:44 : player: played "Martin Garrix & Dua Lipa - Scared To Be Lonely (Official Video).mp3"
Jan 30 10:47 : player: played "Party Favor & NJOMZA - Caskets (feat. FKi 1st) Official Lyric Video.mp3"
Jan 30 10:51 : player: played "Sabrina Treat You Better.mp3"
Jan 30 10:55 : player: played "Shawn Mendes - There's Nothing Holdin' Me Back.mp3"
Jan 30 10:59 : player: played "Simple Plan ft. Natasha Bedingfield - Jet Lag.mp3"
Jan 30 11:02 : player: played "The-Way-I-Are-Dance-With-Somebody-Bebe-Rexha-ft.-Lil-Wayne.mp3"
Jan 30 11:05 : player: played "Weird Genius  - Sweet Scar (feat. Prince Husein).mp3"
Jan 30 11:09 : player: played "Zayn Malik - Dusk Till Dawn .mp3"
Jan 30 11:13 : player: played "Alan Walker ft. Gavin James - Tired.mp3"
Jan 30 11:16 : player: played "Anjulie featuring Oskar Flood - Where The Love Goes (Official Music Video).mp3"
Jan 30 11:19 : player: played "Avicii - Without You Audio ft. Sandro Cavazza.mp3"
Jan 30 11:23 : player: played "Axwell Λ Ingrosso - More Than You Know.mp3"
Jan 30 11:26 : player: played "Cheat Codes - Stay With You (LyricsLyric Video) With CADE.mp3"
Jan 30 11:30 : player: played "Clean Bandit - Rockabye ft. Sean Paul & Anne-Marie Official Video.mp3"
Jan 30 11:33 : player: played "Felix Jaehn, Hight, Alex Aiono - Hot2Touch (Lyric Video).mp3"
Jan 30 11:37 : player: played "Jason Derulo - Swalla (feat. Nicki Minaj & Ty Dolla $ign) (Official Music Video).mp3"
Jan 30 11:40 : player: played "Jessica Mauboy - Fallin'.mp3"
Jan 30 11:44 : player: played "Jonas Blue - Perfect Strangers ft. JP Cooper.mp3"
Jan 30 11:47 : player: played "Lost_Kings_-_Quit_You_Lyric_ft_Tinashe[SaveFrom.online].mp3"
Jan 30 11:51 : player: played "Maroon 5 - What Lovers Do ft. SZA.mp3"
Jan 30 11:54 : client: [11] opened from [::1]:45906
Jan 30 11:54 : client: [11] closed
Jan 30 12:11 : client: [12] opened from [::1]:46624
Jan 30 12:11 : client: [12] closed
Jan 30 12:14 : player: played "Party Favor & NJOMZA - Caskets (feat. FKi 1st) Official Lyric Video.mp3"
Jan 30 12:15 : client: [13] opened from [::1]:46696
Jan 30 12:15 : client: [13] closed
Jan 30 12:18 : player: played "Shawn Mendes - There's Nothing Holdin' Me Back.mp3"
Jan 30 12:20 : client: [14] opened from [::1]:47202
Jan 30 12:21 : client: [14] closed
Jan 30 12:22 : player: played "Zayn Malik - Dusk Till Dawn .mp3"
Jan 30 12:25 : player: played "The-Way-I-Are-Dance-With-Somebody-Bebe-Rexha-ft.-Lil-Wayne.mp3"
Jan 30 12:28 : client: [15] opened from [::1]:47622
Jan 30 12:28 : client: [15] closed
Jan 30 12:31 : player: played "The Chainsmokers - All We Know (feat. Phoebe Ryan).mp3"
Jan 30 12:34 : player: played "The Chainsmokers - Closer (feat. Halsey).mp3"
Jan 30 12:35 : config: option 'mixer_device' on line 16 was not recognized
Jan 30 12:35 : config: option 'mixer_control' on line 17 was not recognized
Jan 30 12:35 : client: [0] opened from [::1]:57344
Jan 30 12:35 : client: [0] closed
Jan 30 12:36 : player: played "The Chainsmokers - Closer (feat. Halsey).mp3"
Jan 30 12:38 : client: [1] opened from [::1]:57346
Jan 30 12:40 : player: played "The Chainsmokers - Dont Let Me Down (feat. Daya).mp3"
Jan 30 12:41 : client: [2] opened from [::1]:57684
Jan 30 12:41 : client: [2] closed
Jan 30 12:48 : client: [3] opened from [::1]:57726
Jan 30 12:48 : client: [3] closed
Jan 30 12:48 : client: [4] opened from [::1]:57728
Jan 30 12:48 : client: [4] closed
Jan 30 12:51 : player: played "The Chainsmokers - Good Intentions (feat. BullySongs).mp3"
Jan 30 12:55 : player: played "The Chainsmokers - Inside Out (feat. Charlee).mp3"
Jan 30 12:58 : player: played "The Chainsmokers - New York City.mp3"
Jan 30 13:02 : player: played "The Chainsmokers - Roses (feat. ROZES).mp3"
Jan 30 13:06 : player: played "The Chainsmokers - Setting Fires (feat. XYL).mp3"
Jan 30 13:10 : player: played "The Chainsmokers - Sick Boy.mp3"
Jan 30 13:13 : player: played "The Chainsmokers - Waterbed (feat. Waterbed).mp3"
Jan 30 13:17 : player: played "The Chainsmokers - Until You Were Gone (feat. Emily Warren).mp3"
Jan 30 13:21 : player: played "03 Daniel Powter Bad Day.mp3"
Jan 30 13:23 : client: [5] opened from [::1]:60228
Jan 30 13:23 : client: [5] closed
Jan 30 15:58 : player: played "Alan Walker ft. Gavin James - Tired.mp3"
Jan 30 17:00 : config: option 'mixer_device' on line 16 was not recognized
Jan 30 17:00 : config: option 'mixer_control' on line 17 was not recognized
Jan 30 17:00 : client: [0] opened from [::1]:57820
Jan 30 17:01 : client: [0] closed
Jan 30 17:03 : player: played "The Chainsmokers - All We Know (feat. Phoebe Ryan).mp3"
Jan 30 17:07 : player: played "The Chainsmokers - Closer (feat. Halsey).mp3"
Jan 30 17:08 : client: [1] opened from [::1]:58622
Jan 30 17:08 : client: [1] closed
Jan 30 18:01 : player: played "The Chainsmokers - Dont Let Me Down (feat. Daya).mp3"
Jan 30 18:02 : config: option 'mixer_device' on line 16 was not recognized
Jan 30 18:02 : config: option 'mixer_control' on line 17 was not recognized
Jan 30 18:02 : client: [0] opened from [::1]:34372
Jan 30 18:05 : player: played "The Chainsmokers - All We Know (feat. Phoebe Ryan).mp3"
Jan 30 18:08 : client: [0] closed
Jan 30 19:13 : player: played "The Chainsmokers - Closer (feat. Halsey).mp3"
Jan 31 07:59 : config: option 'mixer_device' on line 16 was not recognized
Jan 31 07:59 : config: option 'mixer_control' on line 17 was not recognized
Jan 31 07:59 : client: [0] opened from [::1]:34224
Jan 31 08:02 : player: played "The Chainsmokers - All We Know (feat. Phoebe Ryan).mp3"
Jan 31 08:06 : player: played "The Chainsmokers - Closer (feat. Halsey).mp3"
Jan 31 08:10 : player: played "The Chainsmokers - Dont Let Me Down (feat. Daya).mp3"
Jan 31 08:13 : player: played "The Chainsmokers - Good Intentions (feat. BullySongs).mp3"
Jan 31 08:17 : player: played "The Chainsmokers - Inside Out (feat. Charlee).mp3"
Jan 31 08:21 : player: played "The Chainsmokers - New York City.mp3"
Jan 31 08:25 : player: played "The Chainsmokers - Roses (feat. ROZES).mp3"
Jan 31 10:51 : exception: Failed to open "MyALSA" [alsa]
Jan 31 10:51 : exception: nested: Failed to open ALSA device "default": Device or resource busy
Jan 31 10:55 : player: played "The Chainsmokers - Sick Boy.mp3"
Jan 31 10:58 : player: played "The Chainsmokers - Waterbed (feat. Waterbed).mp3"
Jan 31 11:02 : player: played "The Chainsmokers - Until You Were Gone (feat. Emily Warren).mp3"
Jan 31 11:06 : player: played "03 Daniel Powter Bad Day.mp3"
Jan 31 11:09 : player: played "Alan Walker ft. Gavin James - Tired.mp3"
Jan 31 11:12 : player: played "Anjulie featuring Oskar Flood - Where The Love Goes (Official Music Video).mp3"
Jan 31 11:16 : player: played "Avicii - Without You Audio ft. Sandro Cavazza.mp3"
Jan 31 11:19 : player: played "Axwell Λ Ingrosso - More Than You Know.mp3"
Jan 31 11:22 : player: played "Cheat Codes - Stay With You (LyricsLyric Video) With CADE.mp3"
Jan 31 11:27 : player: played "Clean Bandit - Rockabye ft. Sean Paul & Anne-Marie Official Video.mp3"
Jan 31 11:29 : player: played "Felix Jaehn, Hight, Alex Aiono - Hot2Touch (Lyric Video).mp3"
Jan 31 11:33 : player: played "Jason Derulo - Swalla (feat. Nicki Minaj & Ty Dolla $ign) (Official Music Video).mp3"
Jan 31 11:37 : player: played "Jessica Mauboy - Fallin'.mp3"
Jan 31 11:40 : player: played "Jonas Blue - Perfect Strangers ft. JP Cooper.mp3"
Jan 31 11:43 : player: played "LINKIN PARK Kiiara Heavy.mp3"
Jan 31 11:47 : player: played "Lost_Kings_-_Quit_You_Lyric_ft_Tinashe[SaveFrom.online].mp3"
Jan 31 11:50 : player: played "Mama (feat. William Singe).mp3"
Jan 31 11:52 : client: [0] closed
Jan 31 11:52 : player: played "Maroon 5 - What Lovers Do ft. SZA.mp3"
Jan 31 13:57 : config: option 'mixer_device' on line 16 was not recognized
Jan 31 13:57 : config: option 'mixer_control' on line 17 was not recognized
Jan 31 13:57 : player: played "Maroon 5 - What Lovers Do ft. SZA.mp3"
Jan 31 13:57 : config: option 'mixer_device' on line 16 was not recognized
Jan 31 13:57 : config: option 'mixer_control' on line 17 was not recognized
Jan 31 14:07 : player: played "Maroon 5 - What Lovers Do ft. SZA.mp3"
Jan 31 14:11 : config: option 'mixer_device' on line 16 was not recognized
Jan 31 14:11 : config: option 'mixer_control' on line 17 was not recognized
Jan 31 15:05 : player: played "Maroon 5 - What Lovers Do ft. SZA.mp3"
Jan 31 17:52 : config: option 'mixer_device' on line 16 was not recognized
Jan 31 17:52 : config: option 'mixer_control' on line 17 was not recognized
Jan 31 17:52 : client: [0] opened from 127.0.0.1:56214
Jan 31 17:53 : client: [0] closed
Jan 31 17:56 : player: played "Party Favor & NJOMZA - Caskets (feat. FKi 1st) Official Lyric Video.mp3"
Jan 31 18:00 : player: played "Sabrina Treat You Better.mp3"
Jan 31 18:04 : player: played "Shawn Mendes - There's Nothing Holdin' Me Back.mp3"
Jan 31 18:05 : client: [1] opened from 127.0.0.1:56656
Jan 31 18:07 : client: [1] closed
Jan 31 18:07 : client: [2] opened from 127.0.0.1:56756
Jan 31 18:08 : client: [2] closed
Jan 31 18:08 : client: [3] opened from 127.0.0.1:56894
Jan 31 18:08 : exception: Failed to open "MyALSA" [alsa]
Jan 31 18:08 : exception: nested: Failed to open ALSA device "default": Device or resource busy
Jan 31 18:08 : client: [3] closed
Jan 31 18:12 : player: played "Simple Plan ft. Natasha Bedingfield - Jet Lag.mp3"
Jan 31 18:14 : client: [4] opened from 127.0.0.1:57176
Jan 31 18:15 : player: played "The-Way-I-Are-Dance-With-Somebody-Bebe-Rexha-ft.-Lil-Wayne.mp3"
Jan 31 18:18 : player: played "Weird Genius  - Sweet Scar (feat. Prince Husein).mp3"
Jan 31 18:18 : client: [4] closed
Jan 31 18:19 : client: [5] opened from 127.0.0.1:57568
Jan 31 18:20 : client: [6] opened from 127.0.0.1:57578
Jan 31 18:20 : client: [5] closed
Jan 31 18:23 : player: played "Zayn Malik - Dusk Till Dawn .mp3"
Jan 31 18:26 : player: played "Alan Walker ft. Gavin James - Tired.mp3"
Jan 31 18:29 : player: played "Anjulie featuring Oskar Flood - Where The Love Goes (Official Music Video).mp3"
Jan 31 18:32 : player: played "Avicii - Without You Audio ft. Sandro Cavazza.mp3"
Jan 31 18:36 : player: played "Axwell Λ Ingrosso - More Than You Know.mp3"
Jan 31 18:39 : player: played "Cheat Codes - Stay With You (LyricsLyric Video) With CADE.mp3"
Jan 31 18:44 : player: played "Clean Bandit - Rockabye ft. Sean Paul & Anne-Marie Official Video.mp3"
Jan 31 18:46 : player: played "Felix Jaehn, Hight, Alex Aiono - Hot2Touch (Lyric Video).mp3"
Jan 31 18:50 : player: played "Jason Derulo - Swalla (feat. Nicki Minaj & Ty Dolla $ign) (Official Music Video).mp3"
Jan 31 18:53 : player: played "Jessica Mauboy - Fallin'.mp3"
Jan 31 18:57 : player: played "Jonas Blue - Perfect Strangers ft. JP Cooper.mp3"
Jan 31 19:01 : player: played "Lost_Kings_-_Quit_You_Lyric_ft_Tinashe[SaveFrom.online].mp3"
Jan 31 19:04 : player: played "Maroon 5 - What Lovers Do ft. SZA.mp3"
Jan 31 19:07 : player: played "Martin Garrix & Bebe Rexha - In The Name Of Love (Official Video).mp3"
Jan 31 19:10 : player: played "Martin Garrix & Dua Lipa - Scared To Be Lonely (Official Video).mp3"
Jan 31 20:17 : config: option 'mixer_device' on line 16 was not recognized
Jan 31 20:17 : config: option 'mixer_control' on line 17 was not recognized
Jan 31 20:18 : player: played "Martin Garrix & Dua Lipa - Scared To Be Lonely (Official Video).mp3"
Jan 31 20:21 : player: played "Party Favor & NJOMZA - Caskets (feat. FKi 1st) Official Lyric Video.mp3"
Jan 31 20:23 : player: played "Shawn Mendes - There's Nothing Holdin' Me Back.mp3"
Jan 31 20:23 : config: option 'mixer_device' on line 16 was not recognized
Jan 31 20:23 : config: option 'mixer_control' on line 17 was not recognized
Jan 31 20:23 : exception: Failed to open "MyALSA" [alsa]
Jan 31 20:23 : exception: nested: Failed to open ALSA device "default": Device or resource busy
Jan 31 20:25 : player: played "Shawn Mendes - There's Nothing Holdin' Me Back.mp3"
Jan 31 20:25 : exception: Failed to open "MyALSA" [alsa]
Jan 31 20:25 : exception: nested: Failed to open ALSA device "default": Device or resource busy
Jan 31 20:29 : player: played "Zayn Malik - Dusk Till Dawn .mp3"
Jan 31 20:29 : exception: Failed to open "MyALSA" [alsa]
Jan 31 20:29 : exception: nested: Failed to open ALSA device "default": Device or resource busy
Jan 31 20:30 : player: played "The-Way-I-Are-Dance-With-Somebody-Bebe-Rexha-ft.-Lil-Wayne.mp3"
Jan 31 20:30 : config: option 'mixer_device' on line 16 was not recognized
Jan 31 20:30 : config: option 'mixer_control' on line 17 was not recognized
Jan 31 20:30 : exception: Failed to open "MyALSA" [alsa]
Jan 31 20:30 : exception: nested: Failed to open ALSA device "default": Device or resource busy
Jan 31 20:32 : player: played "The-Way-I-Are-Dance-With-Somebody-Bebe-Rexha-ft.-Lil-Wayne.mp3"
Jan 31 20:44 : config: option 'mixer_device' on line 16 was not recognized
Jan 31 20:44 : config: option 'mixer_control' on line 17 was not recognized
Jan 31 20:47 : config: option 'mixer_device' on line 16 was not recognized
Jan 31 20:47 : config: option 'mixer_control' on line 17 was not recognized
Jan 31 20:48 : config: option 'mixer_device' on line 16 was not recognized
Jan 31 20:48 : config: option 'mixer_control' on line 17 was not recognized
Jan 31 20:51 : config: option 'mixer_device' on line 16 was not recognized
Jan 31 20:51 : config: option 'mixer_control' on line 17 was not recognized
Jan 31 20:53 : config: option 'mixer_device' on line 16 was not recognized
Jan 31 20:53 : config: option 'mixer_control' on line 17 was not recognized
Jan 31 20:58 : avahi: Initializing interface
Jan 31 20:58 : avahi: Client changed to state 101
Jan 31 20:58 : avahi: Client is CONNECTING
Jan 31 20:58 : state_file: Loading state file /home/blackcat/.mpd/mpdstate
Jan 31 20:58 : config: option 'mixer_device' on line 16 was not recognized
Jan 31 20:58 : config: option 'mixer_control' on line 17 was not recognized
Jan 31 20:58 : state_file: Saving state file /home/blackcat/.mpd/mpdstate
Jan 31 20:58 : avahi: Shutting down interface
Jan 31 20:58 : listen: listen_global_finish called
Jan 31 20:58 : fifo_output: Removing FIFO "/tmp/mpd.fifo"
Jan 31 20:59 : config: option 'mixer_device' on line 16 was not recognized
Jan 31 20:59 : config: option 'mixer_control' on line 17 was not recognized
Jan 31 21:01 : config: option 'mixer_device' on line 16 was not recognized
Jan 31 21:01 : config: option 'mixer_control' on line 17 was not recognized
Jan 31 21:02 : config: option 'mixer_device' on line 16 was not recognized
Jan 31 21:02 : config: option 'mixer_control' on line 17 was not recognized
Jan 31 21:06 : config: option 'mixer_device' on line 16 was not recognized
Jan 31 21:06 : config: option 'mixer_control' on line 17 was not recognized
